{"/home/travis/build/npmtest/node-npmtest-dustjs-linkedin/test.js":{"path":"/home/travis/build/npmtest/node-npmtest-dustjs-linkedin/test.js","s":{"1":2,"2":2,"3":2,"4":2,"5":2,"6":2,"7":2,"8":1,"9":2,"10":2,"11":1,"12":1,"13":1,"14":1,"15":2,"16":2,"17":2,"18":2,"19":1,"20":1,"21":2,"22":2,"23":2,"24":1,"25":1,"26":1,"27":1,"28":1,"29":1,"30":1,"31":1,"32":1,"33":1,"34":1,"35":1,"36":1,"37":1,"38":1,"39":2,"40":2,"41":1,"42":2,"43":2,"44":1,"45":2,"46":2,"47":1,"48":2,"49":2,"50":1,"51":1,"52":1,"53":1,"54":1},"b":{"1":[2,1,1,1],"2":[1,1,1,1],"3":[1,1],"4":[1,1],"5":[1,1],"6":[1,1],"7":[1,1],"8":[1,1],"9":[1,1],"10":[1,1,1],"11":[1,1],"12":[1,1],"13":[1,1],"14":[1,1],"15":[1,1],"16":[1,1],"17":[1,1]},"f":{"1":2,"2":2,"3":2,"4":2,"5":2,"6":1,"7":1,"8":1,"9":2,"10":2,"11":2,"12":2,"13":1},"fnMap":{"1":{"name":"(anonymous_1)","line":12,"loc":{"start":{"line":12,"column":1},"end":{"line":12,"column":13}}},"2":{"name":"(anonymous_2)","line":19,"loc":{"start":{"line":19,"column":5},"end":{"line":19,"column":17}}},"3":{"name":"(anonymous_3)","line":23,"loc":{"start":{"line":23,"column":24},"end":{"line":23,"column":36}}},"4":{"name":"(anonymous_4)","line":61,"loc":{"start":{"line":61,"column":5},"end":{"line":61,"column":17}}},"5":{"name":"(anonymous_5)","line":82,"loc":{"start":{"line":82,"column":5},"end":{"line":82,"column":17}}},"6":{"name":"(anonymous_6)","line":91,"loc":{"start":{"line":91,"column":77},"end":{"line":94,"column":10}}},"7":{"name":"(anonymous_7)","line":112,"loc":{"start":{"line":112,"column":83},"end":{"line":115,"column":10}},"skip":true},"8":{"name":"(anonymous_8)","line":123,"loc":{"start":{"line":123,"column":77},"end":{"line":126,"column":10}},"skip":true},"9":{"name":"(anonymous_9)","line":139,"loc":{"start":{"line":139,"column":12},"end":{"line":139,"column":40}},"skip":true},"10":{"name":"(anonymous_10)","line":147,"loc":{"start":{"line":147,"column":77},"end":{"line":150,"column":10}},"skip":true},"11":{"name":"(anonymous_11)","line":158,"loc":{"start":{"line":158,"column":83},"end":{"line":161,"column":10}},"skip":true},"12":{"name":"(anonymous_12)","line":169,"loc":{"start":{"line":169,"column":79},"end":{"line":172,"column":10}},"skip":true},"13":{"name":"(anonymous_13)","line":180,"loc":{"start":{"line":180,"column":75},"end":{"line":183,"column":10}},"skip":true}},"statementMap":{"1":{"start":{"line":12,"column":0},"end":{"line":195,"column":5}},"2":{"start":{"line":14,"column":4},"end":{"line":14,"column":14}},"3":{"start":{"line":19,"column":4},"end":{"line":56,"column":9}},"4":{"start":{"line":21,"column":8},"end":{"line":21,"column":19}},"5":{"start":{"line":23,"column":8},"end":{"line":35,"column":13}},"6":{"start":{"line":24,"column":12},"end":{"line":34,"column":13}},"7":{"start":{"line":25,"column":16},"end":{"line":28,"column":30}},"8":{"start":{"line":30,"column":16},"end":{"line":33,"column":27}},"9":{"start":{"line":37,"column":8},"end":{"line":39,"column":21}},"10":{"start":{"line":40,"column":8},"end":{"line":53,"column":9}},"11":{"start":{"line":43,"column":12},"end":{"line":46,"column":14}},"12":{"start":{"line":47,"column":12},"end":{"line":47,"column":18}},"13":{"start":{"line":50,"column":12},"end":{"line":51,"column":33}},"14":{"start":{"line":52,"column":12},"end":{"line":52,"column":18}},"15":{"start":{"line":55,"column":8},"end":{"line":55,"column":35}},"16":{"start":{"line":61,"column":4},"end":{"line":63,"column":9}},"17":{"start":{"line":62,"column":8},"end":{"line":62,"column":15}},"18":{"start":{"line":64,"column":4},"end":{"line":77,"column":5}},"19":{"start":{"line":70,"column":8},"end":{"line":70,"column":14}},"20":{"start":{"line":76,"column":8},"end":{"line":76,"column":14}},"21":{"start":{"line":82,"column":4},"end":{"line":84,"column":9}},"22":{"start":{"line":83,"column":8},"end":{"line":83,"column":15}},"23":{"start":{"line":85,"column":4},"end":{"line":194,"column":5}},"24":{"start":{"line":91,"column":8},"end":{"line":99,"column":10}},"25":{"start":{"line":98,"column":12},"end":{"line":98,"column":35}},"26":{"start":{"line":102,"column":8},"end":{"line":104,"column":63}},"27":{"start":{"line":105,"column":8},"end":{"line":105,"column":14}},"28":{"start":{"line":112,"column":8},"end":{"line":121,"column":10},"skip":true},"29":{"start":{"line":119,"column":12},"end":{"line":119,"column":55},"skip":true},"30":{"start":{"line":120,"column":12},"end":{"line":120,"column":48},"skip":true},"31":{"start":{"line":123,"column":8},"end":{"line":136,"column":10},"skip":true},"32":{"start":{"line":130,"column":12},"end":{"line":130,"column":76},"skip":true},"33":{"start":{"line":131,"column":12},"end":{"line":131,"column":73},"skip":true},"34":{"start":{"line":132,"column":12},"end":{"line":132,"column":74},"skip":true},"35":{"start":{"line":133,"column":12},"end":{"line":133,"column":79},"skip":true},"36":{"start":{"line":134,"column":12},"end":{"line":134,"column":25},"skip":true},"37":{"start":{"line":135,"column":12},"end":{"line":135,"column":45},"skip":true},"38":{"start":{"line":138,"column":8},"end":{"line":145,"column":14},"skip":true},"39":{"start":{"line":143,"column":16},"end":{"line":143,"column":29},"skip":true},"40":{"start":{"line":144,"column":16},"end":{"line":144,"column":55},"skip":true},"41":{"start":{"line":147,"column":8},"end":{"line":156,"column":10},"skip":true},"42":{"start":{"line":154,"column":12},"end":{"line":154,"column":25},"skip":true},"43":{"start":{"line":155,"column":12},"end":{"line":155,"column":45},"skip":true},"44":{"start":{"line":158,"column":8},"end":{"line":167,"column":10},"skip":true},"45":{"start":{"line":165,"column":12},"end":{"line":165,"column":25},"skip":true},"46":{"start":{"line":166,"column":12},"end":{"line":166,"column":48},"skip":true},"47":{"start":{"line":169,"column":8},"end":{"line":178,"column":10},"skip":true},"48":{"start":{"line":176,"column":12},"end":{"line":176,"column":25},"skip":true},"49":{"start":{"line":177,"column":12},"end":{"line":177,"column":46},"skip":true},"50":{"start":{"line":180,"column":8},"end":{"line":189,"column":10},"skip":true},"51":{"start":{"line":187,"column":12},"end":{"line":187,"column":94},"skip":true},"52":{"start":{"line":188,"column":12},"end":{"line":188,"column":48},"skip":true},"53":{"start":{"line":192,"column":8},"end":{"line":192,"column":35},"skip":true},"54":{"start":{"line":193,"column":8},"end":{"line":193,"column":14},"skip":true}},"branchMap":{"1":{"line":25,"type":"binary-expr","locations":[{"start":{"line":25,"column":23},"end":{"line":25,"column":62}},{"start":{"line":26,"column":20},"end":{"line":26,"column":70}},{"start":{"line":27,"column":20},"end":{"line":27,"column":71}},{"start":{"line":28,"column":20},"end":{"line":28,"column":29}}]},"2":{"line":30,"type":"binary-expr","locations":[{"start":{"line":30,"column":23},"end":{"line":30,"column":37}},{"start":{"line":31,"column":20},"end":{"line":31,"column":61}},{"start":{"line":32,"column":20},"end":{"line":32,"column":70}},{"start":{"line":33,"column":20},"end":{"line":33,"column":26}}]},"3":{"line":37,"type":"cond-expr","locations":[{"start":{"line":38,"column":14},"end":{"line":38,"column":20}},{"start":{"line":39,"column":14},"end":{"line":39,"column":20}}]},"4":{"line":40,"type":"switch","locations":[{"start":{"line":42,"column":8},"end":{"line":47,"column":18}},{"start":{"line":49,"column":8},"end":{"line":52,"column":18}}]},"5":{"line":44,"type":"binary-expr","locations":[{"start":{"line":44,"column":16},"end":{"line":44,"column":44}},{"start":{"line":44,"column":48},"end":{"line":44,"column":66}}]},"6":{"line":50,"type":"binary-expr","locations":[{"start":{"line":50,"column":21},"end":{"line":50,"column":49}},{"start":{"line":50,"column":53},"end":{"line":50,"column":72}}]},"7":{"line":64,"type":"switch","locations":[{"start":{"line":69,"column":4},"end":{"line":70,"column":14}},{"start":{"line":75,"column":4},"end":{"line":76,"column":14}}]},"8":{"line":85,"type":"switch","locations":[{"start":{"line":90,"column":4},"end":{"line":105,"column":14}},{"start":{"line":111,"column":4},"end":{"line":193,"column":14},"skip":true}]},"9":{"line":91,"type":"binary-expr","locations":[{"start":{"line":91,"column":42},"end":{"line":91,"column":73}},{"start":{"line":91,"column":77},"end":{"line":99,"column":9}}]},"10":{"line":102,"type":"binary-expr","locations":[{"start":{"line":102,"column":18},"end":{"line":102,"column":32}},{"start":{"line":103,"column":12},"end":{"line":103,"column":53}},{"start":{"line":104,"column":12},"end":{"line":104,"column":61}}]},"11":{"line":112,"type":"binary-expr","locations":[{"start":{"line":112,"column":45},"end":{"line":112,"column":79},"skip":true},{"start":{"line":112,"column":83},"end":{"line":121,"column":9},"skip":true}]},"12":{"line":123,"type":"binary-expr","locations":[{"start":{"line":123,"column":42},"end":{"line":123,"column":73},"skip":true},{"start":{"line":123,"column":77},"end":{"line":136,"column":9},"skip":true}]},"13":{"line":138,"type":"binary-expr","locations":[{"start":{"line":138,"column":48},"end":{"line":138,"column":85},"skip":true},{"start":{"line":139,"column":12},"end":{"line":145,"column":13},"skip":true}]},"14":{"line":147,"type":"binary-expr","locations":[{"start":{"line":147,"column":42},"end":{"line":147,"column":73},"skip":true},{"start":{"line":147,"column":77},"end":{"line":156,"column":9},"skip":true}]},"15":{"line":158,"type":"binary-expr","locations":[{"start":{"line":158,"column":45},"end":{"line":158,"column":79},"skip":true},{"start":{"line":158,"column":83},"end":{"line":167,"column":9},"skip":true}]},"16":{"line":169,"type":"binary-expr","locations":[{"start":{"line":169,"column":43},"end":{"line":169,"column":75},"skip":true},{"start":{"line":169,"column":79},"end":{"line":178,"column":9},"skip":true}]},"17":{"line":180,"type":"binary-expr","locations":[{"start":{"line":180,"column":41},"end":{"line":180,"column":71},"skip":true},{"start":{"line":180,"column":75},"end":{"line":189,"column":9},"skip":true}]}},"code":["/* istanbul instrument in package npmtest_dustjs_linkedin */","/*jslint","    bitwise: true,","    browser: true,","    maxerr: 8,","    maxlen: 96,","    node: true,","    nomen: true,","    regexp: true,","    stupid: true","*/","(function () {","    'use strict';","    var local;","","","","    // run shared js-env code - init-before","    (function () {","        // init local","        local = {};","        // init modeJs","        local.modeJs = (function () {","            try {","                return typeof navigator.userAgent === 'string' &&","                    typeof document.querySelector('body') === 'object' &&","                    typeof XMLHttpRequest.prototype.open === 'function' &&","                    'browser';","            } catch (errorCaughtBrowser) {","                return module.exports &&","                    typeof process.versions.node === 'string' &&","                    typeof require('http').createServer === 'function' &&","                    'node';","            }","        }());","        // init global","        local.global = local.modeJs === 'browser'","            ? window","            : global;","        switch (local.modeJs) {","        // re-init local from window.local","        case 'browser':","            local = local.global.utility2.objectSetDefault(","                local.global.utility2_rollup || local.global.local,","                local.global.utility2","            );","            break;","        // re-init local from example.js","        case 'node':","            local = (local.global.utility2_rollup || require('utility2'))","                .requireReadme();","            break;","        }","        // export local","        local.global.local = local;","    }());","","","","    // run shared js-env code - function","    (function () {","        return;","    }());","    switch (local.modeJs) {","","","","    // run browser js-env code - function","    case 'browser':","        break;","","","","    // run node js-env code - function","    case 'node':","        break;","    }","","","","    // run shared js-env code - init-after","    (function () {","        return;","    }());","    switch (local.modeJs) {","","","","    // run browser js-env code - init-after","    case 'browser':","        local.testCase_browser_nullCase = local.testCase_browser_nullCase || function (","            options,","            onError","        ) {","        /*","         * this function will test browsers's null-case handling-behavior-behavior","         */","            onError(null, options);","        };","","        // run tests","        local.nop(local.modeTest &&","            document.querySelector('#testRunButton1') &&","            document.querySelector('#testRunButton1').click());","        break;","","","","    // run node js-env code - init-after","    /* istanbul ignore next */","    case 'node':","        local.testCase_buildApidoc_default = local.testCase_buildApidoc_default || function (","            options,","            onError","        ) {","        /*","         * this function will test buildApidoc's default handling-behavior-behavior","         */","            options = { modulePathList: module.paths };","            local.buildApidoc(options, onError);","        };","","        local.testCase_buildApp_default = local.testCase_buildApp_default || function (","            options,","            onError","        ) {","        /*","         * this function will test buildApp's default handling-behavior-behavior","         */","            local.testCase_buildReadme_default(options, local.onErrorThrow);","            local.testCase_buildLib_default(options, local.onErrorThrow);","            local.testCase_buildTest_default(options, local.onErrorThrow);","            local.testCase_buildCustomOrg_default(options, local.onErrorThrow);","            options = [];","            local.buildApp(options, onError);","        };","","        local.testCase_buildCustomOrg_default = local.testCase_buildCustomOrg_default ||","            function (options, onError) {","            /*","             * this function will test buildCustomOrg's default handling-behavior","             */","                options = {};","                local.buildCustomOrg(options, onError);","            };","","        local.testCase_buildLib_default = local.testCase_buildLib_default || function (","            options,","            onError","        ) {","        /*","         * this function will test buildLib's default handling-behavior","         */","            options = {};","            local.buildLib(options, onError);","        };","","        local.testCase_buildReadme_default = local.testCase_buildReadme_default || function (","            options,","            onError","        ) {","        /*","         * this function will test buildReadme's default handling-behavior-behavior","         */","            options = {};","            local.buildReadme(options, onError);","        };","","        local.testCase_buildTest_default = local.testCase_buildTest_default || function (","            options,","            onError","        ) {","        /*","         * this function will test buildTest's default handling-behavior","         */","            options = {};","            local.buildTest(options, onError);","        };","","        local.testCase_webpage_default = local.testCase_webpage_default || function (","            options,","            onError","        ) {","        /*","         * this function will test webpage's default handling-behavior","         */","            options = { modeCoverageMerge: true, url: local.serverLocalHost + '?modeTest=1' };","            local.browserTest(options, onError);","        };","","        // run test-server","        local.testRunServer(local);","        break;","    }","}());",""],"l":{"12":2,"14":2,"19":2,"21":2,"23":2,"24":2,"25":2,"30":1,"37":2,"40":2,"43":1,"47":1,"50":1,"52":1,"55":2,"61":2,"62":2,"64":2,"70":1,"76":1,"82":2,"83":2,"85":2,"91":1,"98":1,"102":1,"105":1,"112":1,"119":1,"120":1,"123":1,"130":1,"131":1,"132":1,"133":1,"134":1,"135":1,"138":1,"143":2,"144":2,"147":1,"154":2,"155":2,"158":1,"165":2,"166":2,"169":1,"176":2,"177":2,"180":1,"187":1,"188":1,"192":1,"193":1}},"/home/travis/build/npmtest/node-npmtest-dustjs-linkedin/lib.npmtest_dustjs_linkedin.js":{"path":"/home/travis/build/npmtest/node-npmtest-dustjs-linkedin/lib.npmtest_dustjs_linkedin.js","s":{"1":2,"2":2,"3":2,"4":2,"5":2,"6":2,"7":2,"8":1,"9":2,"10":2,"11":2,"12":2,"13":1,"14":1,"15":1,"16":1},"b":{"1":[2,1,1,1],"2":[1,1,1,1],"3":[1,1],"4":[2,2],"5":[1,1]},"f":{"1":2,"2":2,"3":2},"fnMap":{"1":{"name":"(anonymous_1)","line":12,"loc":{"start":{"line":12,"column":1},"end":{"line":12,"column":13}}},"2":{"name":"(anonymous_2)","line":19,"loc":{"start":{"line":19,"column":5},"end":{"line":19,"column":17}}},"3":{"name":"(anonymous_3)","line":23,"loc":{"start":{"line":23,"column":24},"end":{"line":23,"column":36}}}},"statementMap":{"1":{"start":{"line":12,"column":0},"end":{"line":53,"column":5}},"2":{"start":{"line":14,"column":4},"end":{"line":14,"column":14}},"3":{"start":{"line":19,"column":4},"end":{"line":52,"column":9}},"4":{"start":{"line":21,"column":8},"end":{"line":21,"column":19}},"5":{"start":{"line":23,"column":8},"end":{"line":35,"column":13}},"6":{"start":{"line":24,"column":12},"end":{"line":34,"column":13}},"7":{"start":{"line":25,"column":16},"end":{"line":28,"column":30}},"8":{"start":{"line":30,"column":16},"end":{"line":33,"column":27}},"9":{"start":{"line":37,"column":8},"end":{"line":39,"column":21}},"10":{"start":{"line":41,"column":8},"end":{"line":41,"column":54}},"11":{"start":{"line":43,"column":8},"end":{"line":43,"column":60}},"12":{"start":{"line":45,"column":8},"end":{"line":51,"column":9}},"13":{"start":{"line":46,"column":12},"end":{"line":46,"column":66}},"14":{"start":{"line":48,"column":12},"end":{"line":48,"column":35}},"15":{"start":{"line":49,"column":12},"end":{"line":49,"column":49}},"16":{"start":{"line":50,"column":12},"end":{"line":50,"column":43}}},"branchMap":{"1":{"line":25,"type":"binary-expr","locations":[{"start":{"line":25,"column":23},"end":{"line":25,"column":62}},{"start":{"line":26,"column":20},"end":{"line":26,"column":70}},{"start":{"line":27,"column":20},"end":{"line":27,"column":71}},{"start":{"line":28,"column":20},"end":{"line":28,"column":29}}]},"2":{"line":30,"type":"binary-expr","locations":[{"start":{"line":30,"column":23},"end":{"line":30,"column":37}},{"start":{"line":31,"column":20},"end":{"line":31,"column":61}},{"start":{"line":32,"column":20},"end":{"line":32,"column":70}},{"start":{"line":33,"column":20},"end":{"line":33,"column":26}}]},"3":{"line":37,"type":"cond-expr","locations":[{"start":{"line":38,"column":14},"end":{"line":38,"column":20}},{"start":{"line":39,"column":14},"end":{"line":39,"column":20}}]},"4":{"line":41,"type":"binary-expr","locations":[{"start":{"line":41,"column":16},"end":{"line":41,"column":44}},{"start":{"line":41,"column":48},"end":{"line":41,"column":53}}]},"5":{"line":45,"type":"if","locations":[{"start":{"line":45,"column":8},"end":{"line":45,"column":8}},{"start":{"line":45,"column":8},"end":{"line":45,"column":8}}]}},"code":["/* istanbul instrument in package npmtest_dustjs_linkedin */","/*jslint","    bitwise: true,","    browser: true,","    maxerr: 8,","    maxlen: 96,","    node: true,","    nomen: true,","    regexp: true,","    stupid: true","*/","(function () {","    'use strict';","    var local;","","","","    // run shared js-env code - init-before","    (function () {","        // init local","        local = {};","        // init modeJs","        local.modeJs = (function () {","            try {","                return typeof navigator.userAgent === 'string' &&","                    typeof document.querySelector('body') === 'object' &&","                    typeof XMLHttpRequest.prototype.open === 'function' &&","                    'browser';","            } catch (errorCaughtBrowser) {","                return module.exports &&","                    typeof process.versions.node === 'string' &&","                    typeof require('http').createServer === 'function' &&","                    'node';","            }","        }());","        // init global","        local.global = local.modeJs === 'browser'","            ? window","            : global;","        // init utility2_rollup","        local = local.global.utility2_rollup || local;","        // init lib","        local.local = local.npmtest_dustjs_linkedin = local;","        // init exports","        if (local.modeJs === 'browser') {","            local.global.utility2_npmtest_dustjs_linkedin = local;","        } else {","            module.exports = local;","            module.exports.__dirname = __dirname;","            module.exports.module = module;","        }","    }());","}());",""],"l":{"12":2,"14":2,"19":2,"21":2,"23":2,"24":2,"25":2,"30":1,"37":2,"41":2,"43":2,"45":2,"46":1,"48":1,"49":1,"50":1}},"/home/travis/build/npmtest/node-npmtest-dustjs-linkedin/example.js":{"path":"/home/travis/build/npmtest/node-npmtest-dustjs-linkedin/example.js","s":{"1":2,"2":2,"3":2,"4":2,"5":2,"6":2,"7":2,"8":1,"9":2,"10":2,"11":2,"12":2,"13":1,"14":2,"15":2,"16":2,"17":2,"18":2,"19":0,"20":2,"21":1,"22":1,"23":1,"24":1,"25":1,"26":0,"27":0,"28":1,"29":1,"30":2,"31":0,"32":0,"33":0,"34":1,"35":2,"36":2,"37":3,"38":3,"39":3,"40":3,"41":0,"42":3,"43":3,"44":3,"45":1,"46":3,"47":1,"48":1,"49":1,"50":1,"51":1,"52":1,"53":1,"54":1,"55":1,"56":1,"57":0,"58":1,"59":6,"60":6,"61":1,"62":2,"63":0,"64":2,"65":1,"66":1,"67":0,"68":0,"69":0,"70":0,"71":0,"72":0,"73":0,"74":0,"75":0,"76":0,"77":0,"78":0,"79":0,"80":0,"81":0,"82":0,"83":0},"b":{"1":[2,1,1,1],"2":[1,1,1,1],"3":[1,1],"4":[2,2],"5":[1,1],"6":[1,1],"7":[2,0],"8":[2,1,1,1,1,1],"9":[0,2,0],"10":[1,1],"11":[2,1,1],"12":[1,0],"13":[0,2],"14":[2,0,0,0,0,0,0],"15":[0,3],"16":[3,0],"17":[1,1],"18":[0,1],"19":[1,2,0,2],"20":[1,0],"21":[1,1],"22":[0,0],"23":[0,0],"24":[0,0],"25":[0,0],"26":[0,0],"27":[0,0],"28":[0,0]},"f":{"1":2,"2":2,"3":2,"4":2,"5":2,"6":2,"7":3,"8":3,"9":3,"10":1,"11":6,"12":0},"fnMap":{"1":{"name":"(anonymous_1)","line":26,"loc":{"start":{"line":26,"column":1},"end":{"line":26,"column":13}}},"2":{"name":"(anonymous_2)","line":33,"loc":{"start":{"line":33,"column":5},"end":{"line":33,"column":17}}},"3":{"name":"(anonymous_3)","line":37,"loc":{"start":{"line":37,"column":24},"end":{"line":37,"column":36}}},"4":{"name":"(anonymous_4)","line":69,"loc":{"start":{"line":69,"column":31},"end":{"line":69,"column":48}},"skip":true},"5":{"name":"(anonymous_5)","line":78,"loc":{"start":{"line":78,"column":26},"end":{"line":78,"column":45}},"skip":true},"6":{"name":"(anonymous_6)","line":123,"loc":{"start":{"line":123,"column":33},"end":{"line":123,"column":48}},"skip":true},"7":{"name":"(anonymous_7)","line":125,"loc":{"start":{"line":125,"column":27},"end":{"line":125,"column":39}},"skip":true},"8":{"name":"(anonymous_8)","line":133,"loc":{"start":{"line":133,"column":59},"end":{"line":133,"column":74}},"skip":true},"9":{"name":"(anonymous_9)","line":143,"loc":{"start":{"line":143,"column":45},"end":{"line":143,"column":62}},"skip":true},"10":{"name":"(anonymous_10)","line":144,"loc":{"start":{"line":144,"column":73},"end":{"line":144,"column":92}},"skip":true},"11":{"name":"(anonymous_11)","line":272,"loc":{"start":{"line":272,"column":51},"end":{"line":272,"column":77}},"skip":true},"12":{"name":"(anonymous_12)","line":315,"loc":{"start":{"line":315,"column":32},"end":{"line":315,"column":61}},"skip":true}},"statementMap":{"1":{"start":{"line":26,"column":0},"end":{"line":326,"column":5}},"2":{"start":{"line":28,"column":4},"end":{"line":28,"column":14}},"3":{"start":{"line":33,"column":4},"end":{"line":60,"column":9}},"4":{"start":{"line":35,"column":8},"end":{"line":35,"column":19}},"5":{"start":{"line":37,"column":8},"end":{"line":49,"column":13}},"6":{"start":{"line":38,"column":12},"end":{"line":48,"column":13}},"7":{"start":{"line":39,"column":16},"end":{"line":42,"column":30}},"8":{"start":{"line":44,"column":16},"end":{"line":47,"column":27}},"9":{"start":{"line":51,"column":8},"end":{"line":53,"column":21}},"10":{"start":{"line":55,"column":8},"end":{"line":57,"column":45}},"11":{"start":{"line":59,"column":8},"end":{"line":59,"column":35}},"12":{"start":{"line":61,"column":4},"end":{"line":325,"column":5}},"13":{"start":{"line":69,"column":8},"end":{"line":121,"column":10},"skip":true},"14":{"start":{"line":70,"column":12},"end":{"line":88,"column":13},"skip":true},"15":{"start":{"line":76,"column":16},"end":{"line":87,"column":19},"skip":true},"16":{"start":{"line":79,"column":20},"end":{"line":86,"column":21},"skip":true},"17":{"start":{"line":82,"column":24},"end":{"line":82,"column":43},"skip":true},"18":{"start":{"line":83,"column":24},"end":{"line":83,"column":30},"skip":true},"19":{"start":{"line":85,"column":24},"end":{"line":85,"column":49},"skip":true},"20":{"start":{"line":89,"column":12},"end":{"line":107,"column":13},"skip":true},"21":{"start":{"line":92,"column":16},"end":{"line":102,"column":17},"skip":true},"22":{"start":{"line":93,"column":20},"end":{"line":93,"column":86},"skip":true},"23":{"start":{"line":94,"column":20},"end":{"line":95,"column":45},"skip":true},"24":{"start":{"line":96,"column":20},"end":{"line":96,"column":42},"skip":true},"25":{"start":{"line":97,"column":20},"end":{"line":97,"column":48},"skip":true},"26":{"start":{"line":100,"column":20},"end":{"line":100,"column":85},"skip":true},"27":{"start":{"line":101,"column":20},"end":{"line":101,"column":96},"skip":true},"28":{"start":{"line":103,"column":16},"end":{"line":103,"column":22},"skip":true},"29":{"start":{"line":106,"column":16},"end":{"line":106,"column":22},"skip":true},"30":{"start":{"line":108,"column":12},"end":{"line":120,"column":13},"skip":true},"31":{"start":{"line":114,"column":16},"end":{"line":119,"column":17},"skip":true},"32":{"start":{"line":116,"column":20},"end":{"line":116,"column":78},"skip":true},"33":{"start":{"line":118,"column":20},"end":{"line":118,"column":47},"skip":true},"34":{"start":{"line":123,"column":8},"end":{"line":141,"column":11},"skip":true},"35":{"start":{"line":124,"column":12},"end":{"line":124,"column":54},"skip":true},"36":{"start":{"line":125,"column":12},"end":{"line":140,"column":14},"skip":true},"37":{"start":{"line":126,"column":16},"end":{"line":126,"column":28},"skip":true},"38":{"start":{"line":127,"column":16},"end":{"line":127,"column":69},"skip":true},"39":{"start":{"line":128,"column":16},"end":{"line":128,"column":75},"skip":true},"40":{"start":{"line":129,"column":16},"end":{"line":131,"column":17},"skip":true},"41":{"start":{"line":130,"column":20},"end":{"line":130,"column":27},"skip":true},"42":{"start":{"line":133,"column":16},"end":{"line":137,"column":36},"skip":true},"43":{"start":{"line":134,"column":20},"end":{"line":136,"column":55},"skip":true},"44":{"start":{"line":139,"column":16},"end":{"line":139,"column":57},"skip":true},"45":{"start":{"line":143,"column":8},"end":{"line":147,"column":11},"skip":true},"46":{"start":{"line":144,"column":12},"end":{"line":146,"column":15},"skip":true},"47":{"start":{"line":145,"column":16},"end":{"line":145,"column":70},"skip":true},"48":{"start":{"line":149,"column":8},"end":{"line":149,"column":31},"skip":true},"49":{"start":{"line":150,"column":8},"end":{"line":150,"column":14},"skip":true},"50":{"start":{"line":158,"column":8},"end":{"line":158,"column":31},"skip":true},"51":{"start":{"line":160,"column":8},"end":{"line":160,"column":33},"skip":true},"52":{"start":{"line":161,"column":8},"end":{"line":161,"column":37},"skip":true},"53":{"start":{"line":162,"column":8},"end":{"line":162,"column":35},"skip":true},"54":{"start":{"line":164,"column":8},"end":{"line":164,"column":50},"skip":true},"55":{"start":{"line":166,"column":8},"end":{"line":256,"column":2},"skip":true},"56":{"start":{"line":258,"column":8},"end":{"line":286,"column":9},"skip":true},"57":{"start":{"line":259,"column":12},"end":{"line":269,"column":14},"skip":true},"58":{"start":{"line":271,"column":12},"end":{"line":285,"column":19},"skip":true},"59":{"start":{"line":274,"column":20},"end":{"line":274,"column":35},"skip":true},"60":{"start":{"line":275,"column":20},"end":{"line":284,"column":21},"skip":true},"61":{"start":{"line":277,"column":24},"end":{"line":277,"column":64},"skip":true},"62":{"start":{"line":279,"column":24},"end":{"line":279,"column":40},"skip":true},"63":{"start":{"line":281,"column":24},"end":{"line":281,"column":40},"skip":true},"64":{"start":{"line":283,"column":24},"end":{"line":283,"column":39},"skip":true},"65":{"start":{"line":288,"column":8},"end":{"line":290,"column":9},"skip":true},"66":{"start":{"line":289,"column":12},"end":{"line":289,"column":18},"skip":true},"67":{"start":{"line":291,"column":8},"end":{"line":293,"column":54},"skip":true},"68":{"start":{"line":296,"column":8},"end":{"line":301,"column":37},"skip":true},"69":{"start":{"line":303,"column":8},"end":{"line":303,"column":82},"skip":true},"70":{"start":{"line":306,"column":8},"end":{"line":308,"column":9},"skip":true},"71":{"start":{"line":307,"column":12},"end":{"line":307,"column":82},"skip":true},"72":{"start":{"line":310,"column":8},"end":{"line":312,"column":9},"skip":true},"73":{"start":{"line":311,"column":12},"end":{"line":311,"column":18},"skip":true},"74":{"start":{"line":313,"column":8},"end":{"line":313,"column":54},"skip":true},"75":{"start":{"line":314,"column":8},"end":{"line":314,"column":69},"skip":true},"76":{"start":{"line":315,"column":8},"end":{"line":323,"column":36},"skip":true},"77":{"start":{"line":316,"column":12},"end":{"line":316,"column":61},"skip":true},"78":{"start":{"line":317,"column":12},"end":{"line":320,"column":13},"skip":true},"79":{"start":{"line":318,"column":16},"end":{"line":318,"column":75},"skip":true},"80":{"start":{"line":319,"column":16},"end":{"line":319,"column":23},"skip":true},"81":{"start":{"line":321,"column":12},"end":{"line":321,"column":38},"skip":true},"82":{"start":{"line":322,"column":12},"end":{"line":322,"column":27},"skip":true},"83":{"start":{"line":324,"column":8},"end":{"line":324,"column":14},"skip":true}},"branchMap":{"1":{"line":39,"type":"binary-expr","locations":[{"start":{"line":39,"column":23},"end":{"line":39,"column":62}},{"start":{"line":40,"column":20},"end":{"line":40,"column":70}},{"start":{"line":41,"column":20},"end":{"line":41,"column":71}},{"start":{"line":42,"column":20},"end":{"line":42,"column":29}}]},"2":{"line":44,"type":"binary-expr","locations":[{"start":{"line":44,"column":23},"end":{"line":44,"column":37}},{"start":{"line":45,"column":20},"end":{"line":45,"column":61}},{"start":{"line":46,"column":20},"end":{"line":46,"column":70}},{"start":{"line":47,"column":20},"end":{"line":47,"column":26}}]},"3":{"line":51,"type":"cond-expr","locations":[{"start":{"line":52,"column":14},"end":{"line":52,"column":20}},{"start":{"line":53,"column":14},"end":{"line":53,"column":20}}]},"4":{"line":55,"type":"binary-expr","locations":[{"start":{"line":55,"column":16},"end":{"line":55,"column":44}},{"start":{"line":55,"column":49},"end":{"line":57,"column":43}}]},"5":{"line":55,"type":"cond-expr","locations":[{"start":{"line":56,"column":14},"end":{"line":56,"column":59}},{"start":{"line":57,"column":14},"end":{"line":57,"column":43}}]},"6":{"line":61,"type":"switch","locations":[{"start":{"line":68,"column":4},"end":{"line":150,"column":14},"skip":true},{"start":{"line":156,"column":4},"end":{"line":324,"column":14},"skip":true}]},"7":{"line":70,"type":"if","locations":[{"start":{"line":70,"column":12},"end":{"line":70,"column":12},"skip":true},{"start":{"line":70,"column":12},"end":{"line":70,"column":12},"skip":true}]},"8":{"line":70,"type":"binary-expr","locations":[{"start":{"line":70,"column":16},"end":{"line":70,"column":22},"skip":true},{"start":{"line":70,"column":27},"end":{"line":70,"column":32},"skip":true},{"start":{"line":71,"column":20},"end":{"line":71,"column":39},"skip":true},{"start":{"line":72,"column":20},"end":{"line":72,"column":49},"skip":true},{"start":{"line":73,"column":20},"end":{"line":73,"column":58},"skip":true},{"start":{"line":74,"column":20},"end":{"line":74,"column":69},"skip":true}]},"9":{"line":79,"type":"switch","locations":[{"start":{"line":80,"column":20},"end":{"line":80,"column":33},"skip":true},{"start":{"line":81,"column":20},"end":{"line":83,"column":30},"skip":true},{"start":{"line":84,"column":20},"end":{"line":85,"column":49},"skip":true}]},"10":{"line":89,"type":"switch","locations":[{"start":{"line":90,"column":12},"end":{"line":103,"column":22},"skip":true},{"start":{"line":105,"column":12},"end":{"line":106,"column":22},"skip":true}]},"11":{"line":89,"type":"binary-expr","locations":[{"start":{"line":89,"column":20},"end":{"line":89,"column":25},"skip":true},{"start":{"line":89,"column":29},"end":{"line":89,"column":48},"skip":true},{"start":{"line":89,"column":52},"end":{"line":89,"column":74},"skip":true}]},"12":{"line":92,"type":"if","locations":[{"start":{"line":92,"column":16},"end":{"line":92,"column":16},"skip":true},{"start":{"line":92,"column":16},"end":{"line":92,"column":16},"skip":true}]},"13":{"line":108,"type":"if","locations":[{"start":{"line":108,"column":12},"end":{"line":108,"column":12},"skip":true},{"start":{"line":108,"column":12},"end":{"line":108,"column":12},"skip":true}]},"14":{"line":108,"type":"binary-expr","locations":[{"start":{"line":108,"column":16},"end":{"line":108,"column":61},"skip":true},{"start":{"line":108,"column":66},"end":{"line":108,"column":72},"skip":true},{"start":{"line":108,"column":77},"end":{"line":108,"column":82},"skip":true},{"start":{"line":109,"column":20},"end":{"line":109,"column":39},"skip":true},{"start":{"line":110,"column":20},"end":{"line":110,"column":49},"skip":true},{"start":{"line":111,"column":20},"end":{"line":111,"column":58},"skip":true},{"start":{"line":112,"column":20},"end":{"line":112,"column":68},"skip":true}]},"15":{"line":129,"type":"if","locations":[{"start":{"line":129,"column":16},"end":{"line":129,"column":16},"skip":true},{"start":{"line":129,"column":16},"end":{"line":129,"column":16},"skip":true}]},"16":{"line":134,"type":"cond-expr","locations":[{"start":{"line":135,"column":26},"end":{"line":135,"column":29},"skip":true},{"start":{"line":136,"column":26},"end":{"line":136,"column":54},"skip":true}]},"17":{"line":164,"type":"binary-expr","locations":[{"start":{"line":164,"column":27},"end":{"line":164,"column":43},"skip":true},{"start":{"line":164,"column":47},"end":{"line":164,"column":49},"skip":true}]},"18":{"line":258,"type":"if","locations":[{"start":{"line":258,"column":8},"end":{"line":258,"column":8},"skip":true},{"start":{"line":258,"column":8},"end":{"line":258,"column":8},"skip":true}]},"19":{"line":275,"type":"switch","locations":[{"start":{"line":276,"column":20},"end":{"line":277,"column":64},"skip":true},{"start":{"line":278,"column":20},"end":{"line":279,"column":40},"skip":true},{"start":{"line":280,"column":20},"end":{"line":281,"column":40},"skip":true},{"start":{"line":282,"column":20},"end":{"line":283,"column":39},"skip":true}]},"20":{"line":288,"type":"if","locations":[{"start":{"line":288,"column":8},"end":{"line":288,"column":8},"skip":true},{"start":{"line":288,"column":8},"end":{"line":288,"column":8},"skip":true}]},"21":{"line":288,"type":"binary-expr","locations":[{"start":{"line":288,"column":12},"end":{"line":288,"column":40},"skip":true},{"start":{"line":288,"column":44},"end":{"line":288,"column":67},"skip":true}]},"22":{"line":292,"type":"binary-expr","locations":[{"start":{"line":292,"column":12},"end":{"line":292,"column":50},"skip":true},{"start":{"line":293,"column":12},"end":{"line":293,"column":53},"skip":true}]},"23":{"line":297,"type":"binary-expr","locations":[{"start":{"line":297,"column":12},"end":{"line":297,"column":73},"skip":true},{"start":{"line":298,"column":12},"end":{"line":301,"column":36},"skip":true}]},"24":{"line":303,"type":"binary-expr","locations":[{"start":{"line":303,"column":43},"end":{"line":303,"column":75},"skip":true},{"start":{"line":303,"column":79},"end":{"line":303,"column":81},"skip":true}]},"25":{"line":306,"type":"if","locations":[{"start":{"line":306,"column":8},"end":{"line":306,"column":8},"skip":true},{"start":{"line":306,"column":8},"end":{"line":306,"column":8},"skip":true}]},"26":{"line":310,"type":"if","locations":[{"start":{"line":310,"column":8},"end":{"line":310,"column":8},"skip":true},{"start":{"line":310,"column":8},"end":{"line":310,"column":8},"skip":true}]},"27":{"line":313,"type":"binary-expr","locations":[{"start":{"line":313,"column":27},"end":{"line":313,"column":43},"skip":true},{"start":{"line":313,"column":47},"end":{"line":313,"column":53},"skip":true}]},"28":{"line":317,"type":"if","locations":[{"start":{"line":317,"column":12},"end":{"line":317,"column":12},"skip":true},{"start":{"line":317,"column":12},"end":{"line":317,"column":12},"skip":true}]}},"code":["/*","example.js","","quickstart example","","instruction","    1. save this script as example.js","    2. run the shell command:","        $ npm install npmtest-dustjs-linkedin && PORT=8081 node example.js","    3. play with the browser-demo on http://127.0.0.1:8081","*/","","","","/* istanbul instrument in package npmtest_dustjs_linkedin */","/*jslint","    bitwise: true,","    browser: true,","    maxerr: 8,","    maxlen: 96,","    node: true,","    nomen: true,","    regexp: true,","    stupid: true","*/","(function () {","    'use strict';","    var local;","","","","    // run shared js-env code - init-before","    (function () {","        // init local","        local = {};","        // init modeJs","        local.modeJs = (function () {","            try {","                return typeof navigator.userAgent === 'string' &&","                    typeof document.querySelector('body') === 'object' &&","                    typeof XMLHttpRequest.prototype.open === 'function' &&","                    'browser';","            } catch (errorCaughtBrowser) {","                return module.exports &&","                    typeof process.versions.node === 'string' &&","                    typeof require('http').createServer === 'function' &&","                    'node';","            }","        }());","        // init global","        local.global = local.modeJs === 'browser'","            ? window","            : global;","        // init utility2_rollup","        local = local.global.utility2_rollup || (local.modeJs === 'browser'","            ? local.global.utility2_npmtest_dustjs_linkedin","            : global.utility2_moduleExports);","        // export local","        local.global.local = local;","    }());","    switch (local.modeJs) {","","","","    // init-after","    // run browser js-env code - init-after","    /* istanbul ignore next */","    case 'browser':","        local.testRunBrowser = function (event) {","            if (!event || (event &&","                    event.currentTarget &&","                    event.currentTarget.className &&","                    event.currentTarget.className.includes &&","                    event.currentTarget.className.includes('onreset'))) {","                // reset output","                Array.from(","                    document.querySelectorAll('body > .resettable')","                ).forEach(function (element) {","                    switch (element.tagName) {","                    case 'INPUT':","                    case 'TEXTAREA':","                        element.value = '';","                        break;","                    default:","                        element.textContent = '';","                    }","                });","            }","            switch (event && event.currentTarget && event.currentTarget.id) {","            case 'testRunButton1':","                // show tests","                if (document.querySelector('#testReportDiv1').style.display === 'none') {","                    document.querySelector('#testReportDiv1').style.display = 'block';","                    document.querySelector('#testRunButton1').textContent =","                        'hide internal test';","                    local.modeTest = true;","                    local.testRunDefault(local);","                // hide tests","                } else {","                    document.querySelector('#testReportDiv1').style.display = 'none';","                    document.querySelector('#testRunButton1').textContent = 'run internal test';","                }","                break;","            // custom-case","            default:","                break;","            }","            if (document.querySelector('#inputTextareaEval1') && (!event || (event &&","                    event.currentTarget &&","                    event.currentTarget.className &&","                    event.currentTarget.className.includes &&","                    event.currentTarget.className.includes('oneval')))) {","                // try to eval input-code","                try {","                    /*jslint evil: true*/","                    eval(document.querySelector('#inputTextareaEval1').value);","                } catch (errorCaught) {","                    console.error(errorCaught);","                }","            }","        };","        // log stderr and stdout to #outputTextareaStdout1","        ['error', 'log'].forEach(function (key) {","            console[key + '_original'] = console[key];","            console[key] = function () {","                var element;","                console[key + '_original'].apply(console, arguments);","                element = document.querySelector('#outputTextareaStdout1');","                if (!element) {","                    return;","                }","                // append text to #outputTextareaStdout1","                element.value += Array.from(arguments).map(function (arg) {","                    return typeof arg === 'string'","                        ? arg","                        : JSON.stringify(arg, null, 4);","                }).join(' ') + '\\n';","                // scroll textarea to bottom","                element.scrollTop = element.scrollHeight;","            };","        });","        // init event-handling","        ['change', 'click', 'keyup'].forEach(function (event) {","            Array.from(document.querySelectorAll('.on' + event)).forEach(function (element) {","                element.addEventListener(event, local.testRunBrowser);","            });","        });","        // run tests","        local.testRunBrowser();","        break;","","","","    // run node js-env code - init-after","    /* istanbul ignore next */","    case 'node':","        // export local","        module.exports = local;","        // require modules","        local.fs = require('fs');","        local.http = require('http');","        local.url = require('url');","        // init assets","        local.assetsDict = local.assetsDict || {};","        /* jslint-ignore-begin */","        local.assetsDict['/assets.index.template.html'] = '\\","<!doctype html>\\n\\","<html lang=\"en\">\\n\\","<head>\\n\\","<meta charset=\"UTF-8\">\\n\\","<meta name=\"viewport\" content=\"width=device-width, initial-scale=1\">\\n\\","<title>{{env.npm_package_name}} (v{{env.npm_package_version}})</title>\\n\\","<style>\\n\\","/*csslint\\n\\","    box-sizing: false,\\n\\","    universal-selector: false\\n\\","*/\\n\\","* {\\n\\","    box-sizing: border-box;\\n\\","}\\n\\","body {\\n\\","    background: #dde;\\n\\","    font-family: Arial, Helvetica, sans-serif;\\n\\","    margin: 2rem;\\n\\","}\\n\\","body > * {\\n\\","    margin-bottom: 1rem;\\n\\","}\\n\\",".utility2FooterDiv {\\n\\","    margin-top: 20px;\\n\\","    text-align: center;\\n\\","}\\n\\","</style>\\n\\","<style>\\n\\","/*csslint\\n\\","*/\\n\\","textarea {\\n\\","    font-family: monospace;\\n\\","    height: 10rem;\\n\\","    width: 100%;\\n\\","}\\n\\","textarea[readonly] {\\n\\","    background: #ddd;\\n\\","}\\n\\","</style>\\n\\","</head>\\n\\","<body>\\n\\","<!-- utility2-comment\\n\\","<div id=\"ajaxProgressDiv1\" style=\"background: #d00; height: 2px; left: 0; margin: 0; padding: 0; position: fixed; top: 0; transition: background 0.5s, width 1.5s; width: 25%;\"></div>\\n\\","utility2-comment -->\\n\\","<h1>\\n\\","<!-- utility2-comment\\n\\","    <a\\n\\","        {{#if env.npm_package_homepage}}\\n\\","        href=\"{{env.npm_package_homepage}}\"\\n\\","        {{/if env.npm_package_homepage}}\\n\\","        target=\"_blank\"\\n\\","    >\\n\\","utility2-comment -->\\n\\","        {{env.npm_package_name}} (v{{env.npm_package_version}})\\n\\","<!-- utility2-comment\\n\\","    </a>\\n\\","utility2-comment -->\\n\\","</h1>\\n\\","<h3>{{env.npm_package_description}}</h3>\\n\\","<!-- utility2-comment\\n\\","<h4><a download href=\"assets.app.js\">download standalone app</a></h4>\\n\\","<button class=\"onclick onreset\" id=\"testRunButton1\">run internal test</button><br>\\n\\","<div id=\"testReportDiv1\" style=\"display: none;\"></div>\\n\\","utility2-comment -->\\n\\","\\n\\","\\n\\","\\n\\","<label>stderr and stdout</label>\\n\\","<textarea class=\"resettable\" id=\"outputTextareaStdout1\" readonly></textarea>\\n\\","<!-- utility2-comment\\n\\","{{#if isRollup}}\\n\\","<script src=\"assets.app.js\"></script>\\n\\","{{#unless isRollup}}\\n\\","utility2-comment -->\\n\\","<script src=\"assets.utility2.rollup.js\"></script>\\n\\","<script src=\"jsonp.utility2._stateInit?callback=window.utility2._stateInit\"></script>\\n\\","<script src=\"assets.npmtest_dustjs_linkedin.rollup.js\"></script>\\n\\","<script src=\"assets.example.js\"></script>\\n\\","<script src=\"assets.test.js\"></script>\\n\\","<!-- utility2-comment\\n\\","{{/if isRollup}}\\n\\","utility2-comment -->\\n\\","<div class=\"utility2FooterDiv\">\\n\\","    [ this app was created with\\n\\","    <a href=\"https://github.com/kaizhu256/node-utility2\" target=\"_blank\">utility2</a>\\n\\","    ]\\n\\","</div>\\n\\","</body>\\n\\","</html>\\n\\","';","        /* jslint-ignore-end */","        if (local.templateRender) {","            local.assetsDict['/'] = local.templateRender(","                local.assetsDict['/assets.index.template.html'],","                {","                    env: local.objectSetDefault(local.env, {","                        npm_package_description: 'the greatest app in the world!',","                        npm_package_name: 'my-app',","                        npm_package_nameAlias: 'my_app',","                        npm_package_version: '0.0.1'","                    })","                }","            );","        } else {","            local.assetsDict['/'] = local.assetsDict['/assets.index.template.html']","                .replace((/\\{\\{env\\.(\\w+?)\\}\\}/g), function (match0, match1) {","                    // jslint-hack","                    String(match0);","                    switch (match1) {","                    case 'npm_package_description':","                        return 'the greatest app in the world!';","                    case 'npm_package_name':","                        return 'my-app';","                    case 'npm_package_nameAlias':","                        return 'my_app';","                    case 'npm_package_version':","                        return '0.0.1';","                    }","                });","        }","        // run the cli","        if (local.global.utility2_rollup || module !== require.main) {","            break;","        }","        local.assetsDict['/assets.example.js'] =","            local.assetsDict['/assets.example.js'] ||","            local.fs.readFileSync(__filename, 'utf8');","        // bug-workaround - long $npm_package_buildCustomOrg","        /* jslint-ignore-begin */","        local.assetsDict['/assets.npmtest_dustjs_linkedin.rollup.js'] =","            local.assetsDict['/assets.npmtest_dustjs_linkedin.rollup.js'] ||","            local.fs.readFileSync(","                local.npmtest_dustjs_linkedin.__dirname + '/lib.npmtest_dustjs_linkedin.js',","                'utf8'","            ).replace((/^#!/), '//');","        /* jslint-ignore-end */","        local.assetsDict['/favicon.ico'] = local.assetsDict['/favicon.ico'] || '';","        // if $npm_config_timeout_exit exists,","        // then exit this process after $npm_config_timeout_exit ms","        if (Number(process.env.npm_config_timeout_exit)) {","            setTimeout(process.exit, Number(process.env.npm_config_timeout_exit));","        }","        // start server","        if (local.global.utility2_serverHttp1) {","            break;","        }","        process.env.PORT = process.env.PORT || '8081';","        console.error('server starting on port ' + process.env.PORT);","        local.http.createServer(function (request, response) {","            request.urlParsed = local.url.parse(request.url);","            if (local.assetsDict[request.urlParsed.pathname] !== undefined) {","                response.end(local.assetsDict[request.urlParsed.pathname]);","                return;","            }","            response.statusCode = 404;","            response.end();","        }).listen(process.env.PORT);","        break;","    }","}());",""],"l":{"26":2,"28":2,"33":2,"35":2,"37":2,"38":2,"39":2,"44":1,"51":2,"55":2,"59":2,"61":2,"69":1,"70":2,"76":2,"79":2,"82":2,"83":2,"85":1,"89":2,"92":1,"93":1,"94":1,"96":1,"97":1,"100":1,"101":1,"103":1,"106":1,"108":2,"114":1,"116":1,"118":1,"123":1,"124":2,"125":2,"126":3,"127":3,"128":3,"129":3,"130":1,"133":3,"134":3,"139":3,"143":1,"144":3,"145":1,"149":1,"150":1,"158":1,"160":1,"161":1,"162":1,"164":1,"166":1,"258":1,"259":1,"271":1,"274":6,"275":6,"277":1,"279":2,"281":1,"283":2,"288":1,"289":1,"291":1,"296":1,"303":1,"306":1,"307":1,"310":1,"311":1,"313":1,"314":1,"315":1,"316":1,"317":1,"318":1,"319":1,"321":1,"322":1,"324":1}},"/home/travis/build/npmtest/node-npmtest-dustjs-linkedin/node_modules/dustjs-linkedin/index.js":{"path":"/home/travis/build/npmtest/node-npmtest-dustjs-linkedin/node_modules/dustjs-linkedin/index.js","s":{"1":1,"2":1,"3":1,"4":0,"5":1,"6":1},"b":{},"f":{"1":0},"fnMap":{"1":{"name":"(anonymous_1)","line":9,"loc":{"start":{"line":9,"column":18},"end":{"line":9,"column":35}}}},"statementMap":{"1":{"start":{"line":2,"column":0},"end":{"line":5,"column":44}},"2":{"start":{"line":8,"column":0},"end":{"line":8,"column":45}},"3":{"start":{"line":9,"column":0},"end":{"line":11,"column":2}},"4":{"start":{"line":10,"column":2},"end":{"line":10,"column":42}},"5":{"start":{"line":13,"column":0},"end":{"line":13,"column":33}},"6":{"start":{"line":15,"column":0},"end":{"line":15,"column":22}}},"branchMap":{},"code":["/*global process*/","var vm = require('vm'),","    dust = require('./lib/dust.js'),","    parser = require('./lib/parser.js'),","    compiler = require('./lib/compiler.js');","","// use Node equivalents for some Dust methods","var context = vm.createContext({dust: dust});","dust.loadSource = function(source) {","  return vm.runInContext(source, context);","};","","dust.nextTick = process.nextTick;","","module.exports = dust;",""],"l":{"2":1,"8":1,"9":1,"10":0,"13":1,"15":1}},"/home/travis/build/npmtest/node-npmtest-dustjs-linkedin/node_modules/dustjs-linkedin/lib/dust.js":{"path":"/home/travis/build/npmtest/node-npmtest-dustjs-linkedin/node_modules/dustjs-linkedin/lib/dust.js","s":{"1":1,"2":1,"3":0,"4":1,"5":1,"6":0,"7":1,"8":1,"9":1,"10":1,"11":1,"12":1,"13":1,"14":1,"15":1,"16":0,"17":0,"18":0,"19":0,"20":1,"21":0,"22":0,"23":0,"24":1,"25":1,"26":0,"27":1,"28":1,"29":1,"30":0,"31":0,"32":0,"33":0,"34":0,"35":1,"36":0,"37":0,"38":0,"39":0,"40":1,"41":0,"42":0,"43":0,"44":0,"45":0,"46":0,"47":1,"48":0,"49":0,"50":0,"51":0,"52":0,"53":0,"54":0,"55":0,"56":1,"57":0,"58":0,"59":0,"60":0,"61":0,"62":0,"63":0,"64":0,"65":1,"66":0,"67":0,"68":0,"69":0,"70":0,"71":0,"72":0,"73":0,"74":0,"75":0,"76":0,"77":0,"78":0,"79":1,"80":0,"81":1,"82":1,"83":0,"84":0,"85":1,"86":1,"87":0,"88":1,"89":0,"90":0,"91":0,"92":0,"93":0,"94":1,"95":0,"96":0,"97":0,"98":0,"99":0,"100":0,"101":0,"102":0,"103":0,"104":0,"105":0,"106":1,"107":0,"108":1,"109":0,"110":1,"111":0,"112":1,"113":0,"114":0,"115":0,"116":0,"117":0,"118":0,"119":0,"120":0,"121":0,"122":0,"123":0,"124":0,"125":0,"126":0,"127":0,"128":1,"129":0,"130":0,"131":0,"132":0,"133":0,"134":0,"135":0,"136":1,"137":0,"138":0,"139":0,"140":0,"141":0,"142":0,"143":0,"144":0,"145":1,"146":0,"147":1,"148":0,"149":1,"150":0,"151":0,"152":1,"153":0,"154":0,"155":0,"156":1,"157":0,"158":0,"159":0,"160":0,"161":0,"162":0,"163":1,"164":0,"165":0,"166":0,"167":0,"168":0,"169":0,"170":0,"171":0,"172":0,"173":0,"174":0,"175":0,"176":0,"177":0,"178":0,"179":0,"180":0,"181":0,"182":0,"183":0,"184":0,"185":0,"186":0,"187":0,"188":0,"189":0,"190":0,"191":0,"192":0,"193":0,"194":0,"195":0,"196":0,"197":0,"198":0,"199":0,"200":0,"201":0,"202":1,"203":0,"204":1,"205":0,"206":0,"207":0,"208":0,"209":1,"210":0,"211":0,"212":0,"213":1,"214":0,"215":1,"216":0,"217":0,"218":0,"219":1,"220":0,"221":1,"222":0,"223":0,"224":0,"225":0,"226":0,"227":0,"228":0,"229":0,"230":0,"231":0,"232":0,"233":0,"234":0,"235":0,"236":1,"237":0,"238":0,"239":0,"240":0,"241":0,"242":0,"243":0,"244":1,"245":0,"246":0,"247":0,"248":0,"249":0,"250":0,"251":0,"252":1,"253":0,"254":1,"255":0,"256":0,"257":0,"258":0,"259":0,"260":1,"261":0,"262":0,"263":0,"264":1,"265":0,"266":0,"267":0,"268":0,"269":0,"270":0,"271":0,"272":0,"273":0,"274":0,"275":0,"276":0,"277":0,"278":1,"279":0,"280":1,"281":0,"282":0,"283":0,"284":0,"285":0,"286":0,"287":0,"288":0,"289":0,"290":0,"291":0,"292":0,"293":0,"294":0,"295":1,"296":0,"297":0,"298":0,"299":0,"300":0,"301":0,"302":0,"303":0,"304":1,"305":0,"306":0,"307":0,"308":0,"309":0,"310":1,"311":0,"312":0,"313":0,"314":0,"315":0,"316":0,"317":0,"318":0,"319":0,"320":0,"321":0,"322":0,"323":0,"324":0,"325":0,"326":0,"327":0,"328":0,"329":0,"330":0,"331":0,"332":1,"333":0,"334":0,"335":0,"336":0,"337":0,"338":1,"339":0,"340":0,"341":0,"342":0,"343":0,"344":1,"345":0,"346":0,"347":0,"348":0,"349":0,"350":1,"351":0,"352":0,"353":0,"354":0,"355":0,"356":0,"357":0,"358":0,"359":1,"360":0,"361":0,"362":0,"363":0,"364":0,"365":1,"366":0,"367":0,"368":1,"369":0,"370":1,"371":0,"372":0,"373":0,"374":0,"375":0,"376":0,"377":0,"378":0,"379":0,"380":0,"381":0,"382":0,"383":1,"384":0,"385":0,"386":0,"387":0,"388":0,"389":0,"390":0,"391":0,"392":0,"393":0,"394":0,"395":0,"396":0,"397":0,"398":0,"399":0,"400":0,"401":0,"402":0,"403":0,"404":0,"405":0,"406":0,"407":0,"408":0,"409":0,"410":0,"411":0,"412":0,"413":0,"414":0,"415":0,"416":0,"417":0,"418":0,"419":0,"420":0,"421":0,"422":0,"423":0,"424":1,"425":0,"426":0,"427":0,"428":0,"429":0,"430":0,"431":0,"432":0,"433":1,"434":0,"435":0,"436":0,"437":0,"438":0,"439":0,"440":0,"441":0,"442":1,"443":0,"444":0,"445":0,"446":0,"447":1,"448":0,"449":0,"450":0,"451":0,"452":0,"453":0,"454":0,"455":0,"456":0,"457":0,"458":0,"459":0,"460":0,"461":0,"462":1,"463":0,"464":0,"465":0,"466":0,"467":0,"468":0,"469":0,"470":0,"471":0,"472":0,"473":0,"474":0,"475":0,"476":0,"477":0,"478":0,"479":0,"480":1,"481":0,"482":0,"483":0,"484":0,"485":0,"486":0,"487":0,"488":0,"489":0,"490":0,"491":0,"492":1,"493":0,"494":0,"495":0,"496":0,"497":0,"498":0,"499":0,"500":0,"501":0,"502":0,"503":0,"504":0,"505":0,"506":0,"507":0,"508":0,"509":0,"510":0,"511":0,"512":0,"513":0,"514":0,"515":1,"516":0,"517":0,"518":0,"519":0,"520":0,"521":0,"522":1,"523":0,"524":0,"525":0,"526":1,"527":17,"528":11,"529":1,"530":0,"531":0,"532":1,"533":0,"534":1,"535":0,"536":0,"537":0,"538":0,"539":0,"540":1,"541":1,"542":0,"543":0,"544":0,"545":0,"546":0,"547":0,"548":0,"549":1,"550":1,"551":0,"552":0,"553":0,"554":1,"555":0,"556":0,"557":0,"558":0,"559":1},"b":{"1":[0,1],"2":[1,0,0],"3":[1,0],"4":[1,0],"5":[1,1],"6":[1,0],"7":[0,0],"8":[0,0],"9":[0,1],"10":[1,1,1],"11":[0,0],"12":[0,0],"13":[0,0],"14":[0,0],"15":[0,0],"16":[0,0],"17":[0,0],"18":[0,0],"19":[0,0],"20":[0,0],"21":[0,0],"22":[0,0],"23":[0,0],"24":[0,0],"25":[0,0],"26":[1,0],"27":[0,0],"28":[0,0],"29":[0,0],"30":[0,0],"31":[0,0],"32":[0,0],"33":[0,0],"34":[0,0],"35":[0,0,0],"36":[0,0,0],"37":[0,0],"38":[0,0],"39":[0,0],"40":[0,0],"41":[0,0],"42":[0,0],"43":[0,0],"44":[0,0],"45":[0,0],"46":[0,0],"47":[0,0],"48":[0,0],"49":[0,0],"50":[0,0],"51":[0,0],"52":[0,0],"53":[0,0],"54":[0,0],"55":[0,0],"56":[0,0],"57":[0,0],"58":[0,0],"59":[0,0],"60":[0,0],"61":[0,0],"62":[0,0],"63":[0,0],"64":[0,0],"65":[0,0],"66":[0,0],"67":[0,0],"68":[0,0],"69":[0,0],"70":[0,0],"71":[0,0],"72":[0,0],"73":[0,0],"74":[0,0],"75":[0,0],"76":[0,0],"77":[0,0],"78":[0,0],"79":[0,0],"80":[0,0],"81":[0,0],"82":[0,0],"83":[0,0],"84":[0,0],"85":[0,0],"86":[0,0],"87":[0,0],"88":[0,0],"89":[0,0],"90":[0,0],"91":[0,0],"92":[0,0],"93":[0,0],"94":[0,0],"95":[0,0],"96":[0,0],"97":[0,0],"98":[0,0],"99":[0,0],"100":[0,0],"101":[0,0],"102":[0,0],"103":[0,0],"104":[0,0],"105":[0,0],"106":[0,0,0],"107":[0,0],"108":[0,0],"109":[0,0],"110":[0,0],"111":[0,0],"112":[0,0],"113":[0,0],"114":[0,0],"115":[0,0],"116":[0,0],"117":[0,0],"118":[0,0],"119":[0,0],"120":[0,0],"121":[0,0],"122":[0,0],"123":[0,0],"124":[0,0],"125":[0,0],"126":[0,0],"127":[0,0],"128":[0,0],"129":[0,0],"130":[0,0],"131":[0,0],"132":[0,0],"133":[0,0],"134":[0,0],"135":[0,0],"136":[0,0],"137":[0,0],"138":[0,0],"139":[0,0],"140":[0,0],"141":[0,0],"142":[0,0],"143":[0,0],"144":[0,0],"145":[11,6],"146":[0,0],"147":[0,0,0],"148":[0,0],"149":[0,0],"150":[0,0],"151":[0,0]},"f":{"1":1,"2":1,"3":0,"4":1,"5":0,"6":0,"7":0,"8":0,"9":0,"10":0,"11":0,"12":0,"13":0,"14":0,"15":0,"16":0,"17":0,"18":1,"19":0,"20":0,"21":0,"22":0,"23":0,"24":0,"25":0,"26":0,"27":0,"28":0,"29":0,"30":0,"31":0,"32":0,"33":0,"34":0,"35":0,"36":0,"37":0,"38":0,"39":0,"40":0,"41":0,"42":0,"43":0,"44":0,"45":0,"46":0,"47":0,"48":0,"49":0,"50":0,"51":0,"52":0,"53":0,"54":0,"55":0,"56":0,"57":0,"58":0,"59":0,"60":0,"61":0,"62":0,"63":0,"64":0,"65":0,"66":0,"67":0,"68":0,"69":0,"70":0,"71":0,"72":0,"73":0,"74":0,"75":0,"76":0,"77":0,"78":0,"79":0,"80":0,"81":0,"82":0,"83":0,"84":0,"85":0,"86":0,"87":0,"88":0,"89":0,"90":0,"91":0,"92":0,"93":0,"94":0},"fnMap":{"1":{"name":"(anonymous_1)","line":1,"loc":{"start":{"line":1,"column":1},"end":{"line":1,"column":26}}},"2":{"name":"(anonymous_2)","line":9,"loc":{"start":{"line":9,"column":8},"end":{"line":9,"column":19}}},"3":{"name":"(anonymous_3)","line":14,"loc":{"start":{"line":14,"column":19},"end":{"line":14,"column":30}}},"4":{"name":"initLogging","line":38,"loc":{"start":{"line":38,"column":3},"end":{"line":38,"column":26}}},"5":{"name":"(anonymous_5)","line":47,"loc":{"start":{"line":47,"column":14},"end":{"line":47,"column":25}}},"6":{"name":"(anonymous_6)","line":51,"loc":{"start":{"line":51,"column":14},"end":{"line":51,"column":25}}},"7":{"name":"(anonymous_7)","line":66,"loc":{"start":{"line":66,"column":15},"end":{"line":66,"column":39}}},"8":{"name":"(anonymous_8)","line":84,"loc":{"start":{"line":84,"column":18},"end":{"line":84,"column":39}}},"9":{"name":"(anonymous_9)","line":94,"loc":{"start":{"line":94,"column":16},"end":{"line":94,"column":60}}},"10":{"name":"(anonymous_10)","line":103,"loc":{"start":{"line":103,"column":16},"end":{"line":103,"column":50}}},"11":{"name":"(anonymous_11)","line":106,"loc":{"start":{"line":106,"column":18},"end":{"line":106,"column":29}}},"12":{"name":"getTemplate","line":125,"loc":{"start":{"line":125,"column":2},"end":{"line":125,"column":63}}},"13":{"name":"load","line":143,"loc":{"start":{"line":143,"column":2},"end":{"line":143,"column":48}}},"14":{"name":"(anonymous_14)","line":154,"loc":{"start":{"line":154,"column":25},"end":{"line":154,"column":41}}},"15":{"name":"done","line":161,"loc":{"start":{"line":161,"column":10},"end":{"line":161,"column":44}}},"16":{"name":"(anonymous_16)","line":190,"loc":{"start":{"line":190,"column":20},"end":{"line":190,"column":37}}},"17":{"name":"(anonymous_17)","line":198,"loc":{"start":{"line":198,"column":19},"end":{"line":198,"column":33}}},"18":{"name":"(anonymous_18)","line":203,"loc":{"start":{"line":203,"column":19},"end":{"line":203,"column":30}}},"19":{"name":"(anonymous_19)","line":204,"loc":{"start":{"line":204,"column":11},"end":{"line":204,"column":30}}},"20":{"name":"(anonymous_20)","line":213,"loc":{"start":{"line":213,"column":17},"end":{"line":213,"column":33}}},"21":{"name":"(anonymous_21)","line":223,"loc":{"start":{"line":223,"column":23},"end":{"line":223,"column":37}}},"22":{"name":"(anonymous_22)","line":242,"loc":{"start":{"line":242,"column":22},"end":{"line":242,"column":37}}},"23":{"name":"(anonymous_23)","line":252,"loc":{"start":{"line":252,"column":20},"end":{"line":252,"column":35}}},"24":{"name":"(anonymous_24)","line":263,"loc":{"start":{"line":263,"column":22},"end":{"line":263,"column":37}}},"25":{"name":"(anonymous_25)","line":270,"loc":{"start":{"line":270,"column":16},"end":{"line":270,"column":57}}},"26":{"name":"(anonymous_26)","line":296,"loc":{"start":{"line":296,"column":7},"end":{"line":296,"column":23}}},"27":{"name":"(anonymous_27)","line":297,"loc":{"start":{"line":297,"column":7},"end":{"line":297,"column":23}}},"28":{"name":"(anonymous_28)","line":300,"loc":{"start":{"line":300,"column":8},"end":{"line":300,"column":24}}},"29":{"name":"(anonymous_29)","line":301,"loc":{"start":{"line":301,"column":8},"end":{"line":301,"column":24}}},"30":{"name":"Context","line":310,"loc":{"start":{"line":310,"column":2},"end":{"line":310,"column":65}}},"31":{"name":"(anonymous_31)","line":322,"loc":{"start":{"line":322,"column":33},"end":{"line":322,"column":59}}},"32":{"name":"(anonymous_32)","line":326,"loc":{"start":{"line":326,"column":19},"end":{"line":326,"column":33}}},"33":{"name":"getWithResolvedData","line":336,"loc":{"start":{"line":336,"column":2},"end":{"line":336,"column":47}}},"34":{"name":"(anonymous_34)","line":337,"loc":{"start":{"line":337,"column":11},"end":{"line":337,"column":26}}},"35":{"name":"(anonymous_35)","line":342,"loc":{"start":{"line":342,"column":17},"end":{"line":342,"column":41}}},"36":{"name":"(anonymous_36)","line":363,"loc":{"start":{"line":363,"column":26},"end":{"line":363,"column":46}}},"37":{"name":"(anonymous_37)","line":382,"loc":{"start":{"line":382,"column":27},"end":{"line":382,"column":47}}},"38":{"name":"(anonymous_38)","line":435,"loc":{"start":{"line":435,"column":11},"end":{"line":435,"column":22}}},"39":{"name":"(anonymous_39)","line":453,"loc":{"start":{"line":453,"column":30},"end":{"line":453,"column":50}}},"40":{"name":"(anonymous_40)","line":457,"loc":{"start":{"line":457,"column":27},"end":{"line":457,"column":52}}},"41":{"name":"(anonymous_41)","line":465,"loc":{"start":{"line":465,"column":26},"end":{"line":465,"column":37}}},"42":{"name":"(anonymous_42)","line":471,"loc":{"start":{"line":471,"column":29},"end":{"line":471,"column":44}}},"43":{"name":"(anonymous_43)","line":475,"loc":{"start":{"line":475,"column":28},"end":{"line":475,"column":39}}},"44":{"name":"(anonymous_44)","line":481,"loc":{"start":{"line":481,"column":30},"end":{"line":481,"column":41}}},"45":{"name":"(anonymous_45)","line":485,"loc":{"start":{"line":485,"column":31},"end":{"line":485,"column":45}}},"46":{"name":"(anonymous_46)","line":511,"loc":{"start":{"line":511,"column":34},"end":{"line":511,"column":51}}},"47":{"name":"(anonymous_47)","line":526,"loc":{"start":{"line":526,"column":30},"end":{"line":526,"column":45}}},"48":{"name":"(anonymous_48)","line":539,"loc":{"start":{"line":539,"column":38},"end":{"line":539,"column":49}}},"49":{"name":"Stack","line":543,"loc":{"start":{"line":543,"column":2},"end":{"line":543,"column":39}}},"50":{"name":"Stub","line":551,"loc":{"start":{"line":551,"column":2},"end":{"line":551,"column":26}}},"51":{"name":"(anonymous_51)","line":557,"loc":{"start":{"line":557,"column":25},"end":{"line":557,"column":36}}},"52":{"name":"Stream","line":580,"loc":{"start":{"line":580,"column":2},"end":{"line":580,"column":20}}},"53":{"name":"(anonymous_53)","line":584,"loc":{"start":{"line":584,"column":27},"end":{"line":584,"column":38}}},"54":{"name":"(anonymous_54)","line":610,"loc":{"start":{"line":610,"column":26},"end":{"line":610,"column":47}}},"55":{"name":"(anonymous_55)","line":627,"loc":{"start":{"line":627,"column":24},"end":{"line":627,"column":49}}},"56":{"name":"(anonymous_56)","line":645,"loc":{"start":{"line":645,"column":26},"end":{"line":645,"column":43}}},"57":{"name":"(anonymous_57)","line":659,"loc":{"start":{"line":659,"column":25},"end":{"line":659,"column":36}}},"58":{"name":"(anonymous_58)","line":665,"loc":{"start":{"line":665,"column":16},"end":{"line":665,"column":31}}},"59":{"name":"(anonymous_59)","line":675,"loc":{"start":{"line":675,"column":15},"end":{"line":675,"column":26}}},"60":{"name":"Chunk","line":688,"loc":{"start":{"line":688,"column":2},"end":{"line":688,"column":35}}},"61":{"name":"(anonymous_61)","line":696,"loc":{"start":{"line":696,"column":26},"end":{"line":696,"column":41}}},"62":{"name":"(anonymous_62)","line":706,"loc":{"start":{"line":706,"column":24},"end":{"line":706,"column":39}}},"63":{"name":"(anonymous_63)","line":715,"loc":{"start":{"line":715,"column":24},"end":{"line":715,"column":43}}},"64":{"name":"(anonymous_64)","line":730,"loc":{"start":{"line":730,"column":24},"end":{"line":730,"column":38}}},"65":{"name":"(anonymous_65)","line":741,"loc":{"start":{"line":741,"column":26},"end":{"line":741,"column":37}}},"66":{"name":"(anonymous_66)","line":746,"loc":{"start":{"line":746,"column":27},"end":{"line":746,"column":51}}},"67":{"name":"(anonymous_67)","line":750,"loc":{"start":{"line":750,"column":30},"end":{"line":750,"column":69}}},"68":{"name":"(anonymous_68)","line":770,"loc":{"start":{"line":770,"column":28},"end":{"line":770,"column":68}}},"69":{"name":"(anonymous_69)","line":847,"loc":{"start":{"line":847,"column":27},"end":{"line":847,"column":59}}},"70":{"name":"(anonymous_70)","line":862,"loc":{"start":{"line":862,"column":30},"end":{"line":862,"column":62}}},"71":{"name":"(anonymous_71)","line":877,"loc":{"start":{"line":877,"column":26},"end":{"line":877,"column":58}}},"72":{"name":"(anonymous_72)","line":886,"loc":{"start":{"line":886,"column":28},"end":{"line":886,"column":76}}},"73":{"name":"(anonymous_73)","line":905,"loc":{"start":{"line":905,"column":41},"end":{"line":905,"column":63}}},"74":{"name":"(anonymous_74)","line":915,"loc":{"start":{"line":915,"column":27},"end":{"line":915,"column":73}}},"75":{"name":"(anonymous_75)","line":961,"loc":{"start":{"line":961,"column":26},"end":{"line":961,"column":77}}},"76":{"name":"(anonymous_76)","line":962,"loc":{"start":{"line":962,"column":20},"end":{"line":962,"column":36}}},"77":{"name":"(anonymous_77)","line":963,"loc":{"start":{"line":963,"column":20},"end":{"line":963,"column":35}}},"78":{"name":"(anonymous_78)","line":971,"loc":{"start":{"line":971,"column":9},"end":{"line":971,"column":23}}},"79":{"name":"(anonymous_79)","line":993,"loc":{"start":{"line":993,"column":27},"end":{"line":993,"column":76}}},"80":{"name":"(anonymous_80)","line":996,"loc":{"start":{"line":996,"column":20},"end":{"line":996,"column":36}}},"81":{"name":"data","line":999,"loc":{"start":{"line":999,"column":20},"end":{"line":999,"column":41}}},"82":{"name":"(anonymous_82)","line":1005,"loc":{"start":{"line":1005,"column":30},"end":{"line":1005,"column":46}}},"83":{"name":"error","line":1013,"loc":{"start":{"line":1013,"column":21},"end":{"line":1013,"column":41}}},"84":{"name":"end","line":1027,"loc":{"start":{"line":1027,"column":19},"end":{"line":1027,"column":34}}},"85":{"name":"(anonymous_85)","line":1036,"loc":{"start":{"line":1036,"column":28},"end":{"line":1036,"column":62}}},"86":{"name":"(anonymous_86)","line":1037,"loc":{"start":{"line":1037,"column":20},"end":{"line":1037,"column":36}}},"87":{"name":"(anonymous_87)","line":1038,"loc":{"start":{"line":1038,"column":26},"end":{"line":1038,"column":45}}},"88":{"name":"(anonymous_88)","line":1049,"loc":{"start":{"line":1049,"column":29},"end":{"line":1049,"column":43}}},"89":{"name":"Tap","line":1062,"loc":{"start":{"line":1062,"column":2},"end":{"line":1062,"column":27}}},"90":{"name":"(anonymous_90)","line":1067,"loc":{"start":{"line":1067,"column":23},"end":{"line":1067,"column":37}}},"91":{"name":"(anonymous_91)","line":1071,"loc":{"start":{"line":1071,"column":21},"end":{"line":1071,"column":37}}},"92":{"name":"(anonymous_92)","line":1088,"loc":{"start":{"line":1088,"column":20},"end":{"line":1088,"column":32}}},"93":{"name":"(anonymous_93)","line":1112,"loc":{"start":{"line":1112,"column":18},"end":{"line":1112,"column":30}}},"94":{"name":"(anonymous_94)","line":1129,"loc":{"start":{"line":1129,"column":20},"end":{"line":1129,"column":32}}}},"statementMap":{"1":{"start":{"line":1,"column":0},"end":{"line":1143,"column":4}},"2":{"start":{"line":2,"column":2},"end":{"line":8,"column":3}},"3":{"start":{"line":3,"column":4},"end":{"line":3,"column":37}},"4":{"start":{"line":4,"column":9},"end":{"line":8,"column":3}},"5":{"start":{"line":5,"column":4},"end":{"line":5,"column":31}},"6":{"start":{"line":7,"column":4},"end":{"line":7,"column":26}},"7":{"start":{"line":10,"column":2},"end":{"line":14,"column":33}},"8":{"start":{"line":16,"column":2},"end":{"line":21,"column":4}},"9":{"start":{"line":24,"column":2},"end":{"line":36,"column":4}},"10":{"start":{"line":38,"column":2},"end":{"line":78,"column":7}},"11":{"start":{"line":40,"column":4},"end":{"line":42,"column":12}},"12":{"start":{"line":44,"column":4},"end":{"line":57,"column":5}},"13":{"start":{"line":45,"column":6},"end":{"line":45,"column":31}},"14":{"start":{"line":46,"column":6},"end":{"line":54,"column":7}},"15":{"start":{"line":47,"column":8},"end":{"line":49,"column":10}},"16":{"start":{"line":48,"column":10},"end":{"line":48,"column":47}},"17":{"start":{"line":51,"column":8},"end":{"line":53,"column":10}},"18":{"start":{"line":52,"column":10},"end":{"line":52,"column":71}},"19":{"start":{"line":56,"column":6},"end":{"line":56,"column":23}},"20":{"start":{"line":66,"column":4},"end":{"line":71,"column":6}},"21":{"start":{"line":67,"column":6},"end":{"line":67,"column":26}},"22":{"start":{"line":68,"column":6},"end":{"line":70,"column":7}},"23":{"start":{"line":69,"column":8},"end":{"line":69,"column":44}},"24":{"start":{"line":73,"column":4},"end":{"line":73,"column":27}},"25":{"start":{"line":74,"column":4},"end":{"line":76,"column":5}},"26":{"start":{"line":75,"column":6},"end":{"line":75,"column":30}},"27":{"start":{"line":80,"column":2},"end":{"line":80,"column":20}},"28":{"start":{"line":82,"column":2},"end":{"line":82,"column":18}},"29":{"start":{"line":84,"column":2},"end":{"line":92,"column":4}},"30":{"start":{"line":85,"column":4},"end":{"line":87,"column":5}},"31":{"start":{"line":86,"column":6},"end":{"line":86,"column":13}},"32":{"start":{"line":88,"column":4},"end":{"line":88,"column":29}},"33":{"start":{"line":89,"column":4},"end":{"line":91,"column":5}},"34":{"start":{"line":90,"column":6},"end":{"line":90,"column":30}},"35":{"start":{"line":94,"column":2},"end":{"line":101,"column":4}},"36":{"start":{"line":95,"column":4},"end":{"line":95,"column":40}},"37":{"start":{"line":96,"column":4},"end":{"line":100,"column":5}},"38":{"start":{"line":97,"column":6},"end":{"line":97,"column":49}},"39":{"start":{"line":99,"column":6},"end":{"line":99,"column":26}},"40":{"start":{"line":103,"column":2},"end":{"line":114,"column":4}},"41":{"start":{"line":104,"column":4},"end":{"line":105,"column":28}},"42":{"start":{"line":106,"column":4},"end":{"line":112,"column":7}},"43":{"start":{"line":107,"column":6},"end":{"line":111,"column":7}},"44":{"start":{"line":108,"column":8},"end":{"line":108,"column":51}},"45":{"start":{"line":110,"column":8},"end":{"line":110,"column":28}},"46":{"start":{"line":113,"column":4},"end":{"line":113,"column":18}},"47":{"start":{"line":125,"column":2},"end":{"line":141,"column":3}},"48":{"start":{"line":126,"column":4},"end":{"line":128,"column":5}},"49":{"start":{"line":127,"column":6},"end":{"line":127,"column":13}},"50":{"start":{"line":129,"column":4},"end":{"line":132,"column":5}},"51":{"start":{"line":131,"column":6},"end":{"line":131,"column":37}},"52":{"start":{"line":133,"column":4},"end":{"line":136,"column":5}},"53":{"start":{"line":135,"column":6},"end":{"line":135,"column":28}},"54":{"start":{"line":137,"column":4},"end":{"line":140,"column":5}},"55":{"start":{"line":139,"column":6},"end":{"line":139,"column":40}},"56":{"start":{"line":143,"column":2},"end":{"line":188,"column":3}},"57":{"start":{"line":144,"column":4},"end":{"line":146,"column":5}},"58":{"start":{"line":145,"column":6},"end":{"line":145,"column":90}},"59":{"start":{"line":148,"column":4},"end":{"line":148,"column":66}},"60":{"start":{"line":150,"column":4},"end":{"line":187,"column":5}},"61":{"start":{"line":151,"column":6},"end":{"line":151,"column":75}},"62":{"start":{"line":153,"column":6},"end":{"line":185,"column":7}},"63":{"start":{"line":154,"column":8},"end":{"line":184,"column":11}},"64":{"start":{"line":156,"column":10},"end":{"line":156,"column":36}},"65":{"start":{"line":161,"column":10},"end":{"line":177,"column":11}},"66":{"start":{"line":162,"column":12},"end":{"line":162,"column":25}},"67":{"start":{"line":163,"column":12},"end":{"line":165,"column":13}},"68":{"start":{"line":164,"column":14},"end":{"line":164,"column":41}},"69":{"start":{"line":167,"column":12},"end":{"line":167,"column":97}},"70":{"start":{"line":168,"column":12},"end":{"line":175,"column":13}},"71":{"start":{"line":170,"column":14},"end":{"line":174,"column":15}},"72":{"start":{"line":171,"column":16},"end":{"line":171,"column":78}},"73":{"start":{"line":173,"column":16},"end":{"line":173,"column":80}},"74":{"start":{"line":176,"column":12},"end":{"line":176,"column":80}},"75":{"start":{"line":179,"column":10},"end":{"line":183,"column":11}},"76":{"start":{"line":180,"column":12},"end":{"line":180,"column":53}},"77":{"start":{"line":182,"column":12},"end":{"line":182,"column":36}},"78":{"start":{"line":186,"column":6},"end":{"line":186,"column":80}},"79":{"start":{"line":190,"column":2},"end":{"line":193,"column":4}},"80":{"start":{"line":192,"column":4},"end":{"line":192,"column":24}},"81":{"start":{"line":195,"column":2},"end":{"line":201,"column":3}},"82":{"start":{"line":196,"column":4},"end":{"line":196,"column":33}},"83":{"start":{"line":198,"column":4},"end":{"line":200,"column":6}},"84":{"start":{"line":199,"column":6},"end":{"line":199,"column":70}},"85":{"start":{"line":203,"column":2},"end":{"line":207,"column":7}},"86":{"start":{"line":204,"column":4},"end":{"line":206,"column":6}},"87":{"start":{"line":205,"column":6},"end":{"line":205,"column":30}},"88":{"start":{"line":213,"column":2},"end":{"line":221,"column":4}},"89":{"start":{"line":214,"column":4},"end":{"line":216,"column":5}},"90":{"start":{"line":215,"column":6},"end":{"line":215,"column":19}},"91":{"start":{"line":217,"column":4},"end":{"line":219,"column":5}},"92":{"start":{"line":218,"column":6},"end":{"line":218,"column":18}},"93":{"start":{"line":220,"column":4},"end":{"line":220,"column":18}},"94":{"start":{"line":223,"column":2},"end":{"line":240,"column":4}},"95":{"start":{"line":224,"column":4},"end":{"line":224,"column":12}},"96":{"start":{"line":225,"column":4},"end":{"line":227,"column":5}},"97":{"start":{"line":226,"column":6},"end":{"line":226,"column":19}},"98":{"start":{"line":228,"column":4},"end":{"line":230,"column":5}},"99":{"start":{"line":229,"column":6},"end":{"line":229,"column":19}},"100":{"start":{"line":231,"column":4},"end":{"line":233,"column":5}},"101":{"start":{"line":232,"column":6},"end":{"line":232,"column":19}},"102":{"start":{"line":234,"column":4},"end":{"line":238,"column":5}},"103":{"start":{"line":235,"column":6},"end":{"line":237,"column":7}},"104":{"start":{"line":236,"column":8},"end":{"line":236,"column":21}},"105":{"start":{"line":239,"column":4},"end":{"line":239,"column":16}},"106":{"start":{"line":242,"column":2},"end":{"line":245,"column":4}},"107":{"start":{"line":243,"column":4},"end":{"line":244,"column":27}},"108":{"start":{"line":252,"column":2},"end":{"line":256,"column":4}},"109":{"start":{"line":253,"column":4},"end":{"line":255,"column":43}},"110":{"start":{"line":263,"column":2},"end":{"line":267,"column":4}},"111":{"start":{"line":264,"column":4},"end":{"line":266,"column":43}},"112":{"start":{"line":270,"column":2},"end":{"line":293,"column":4}},"113":{"start":{"line":271,"column":4},"end":{"line":271,"column":29}},"114":{"start":{"line":272,"column":4},"end":{"line":287,"column":5}},"115":{"start":{"line":273,"column":6},"end":{"line":286,"column":7}},"116":{"start":{"line":274,"column":8},"end":{"line":274,"column":26}},"117":{"start":{"line":275,"column":8},"end":{"line":277,"column":9}},"118":{"start":{"line":276,"column":10},"end":{"line":276,"column":19}},"119":{"start":{"line":278,"column":8},"end":{"line":278,"column":36}},"120":{"start":{"line":279,"column":8},"end":{"line":285,"column":9}},"121":{"start":{"line":280,"column":10},"end":{"line":280,"column":22}},"122":{"start":{"line":281,"column":15},"end":{"line":285,"column":9}},"123":{"start":{"line":282,"column":10},"end":{"line":282,"column":43}},"124":{"start":{"line":284,"column":10},"end":{"line":284,"column":58}},"125":{"start":{"line":289,"column":4},"end":{"line":291,"column":5}},"126":{"start":{"line":290,"column":6},"end":{"line":290,"column":51}},"127":{"start":{"line":292,"column":4},"end":{"line":292,"column":18}},"128":{"start":{"line":295,"column":2},"end":{"line":308,"column":4}},"129":{"start":{"line":296,"column":25},"end":{"line":296,"column":55}},"130":{"start":{"line":297,"column":25},"end":{"line":297,"column":53}},"131":{"start":{"line":300,"column":26},"end":{"line":300,"column":56}},"132":{"start":{"line":302,"column":6},"end":{"line":306,"column":7}},"133":{"start":{"line":302,"column":18},"end":{"line":302,"column":87}},"134":{"start":{"line":303,"column":8},"end":{"line":303,"column":21}},"135":{"start":{"line":305,"column":8},"end":{"line":305,"column":33}},"136":{"start":{"line":310,"column":2},"end":{"line":320,"column":3}},"137":{"start":{"line":311,"column":4},"end":{"line":313,"column":5}},"138":{"start":{"line":312,"column":6},"end":{"line":312,"column":31}},"139":{"start":{"line":314,"column":4},"end":{"line":314,"column":23}},"140":{"start":{"line":315,"column":4},"end":{"line":315,"column":25}},"141":{"start":{"line":316,"column":4},"end":{"line":316,"column":27}},"142":{"start":{"line":317,"column":4},"end":{"line":317,"column":25}},"143":{"start":{"line":318,"column":4},"end":{"line":318,"column":37}},"144":{"start":{"line":319,"column":4},"end":{"line":319,"column":27}},"145":{"start":{"line":322,"column":2},"end":{"line":324,"column":4}},"146":{"start":{"line":323,"column":4},"end":{"line":323,"column":51}},"147":{"start":{"line":326,"column":2},"end":{"line":328,"column":4}},"148":{"start":{"line":327,"column":4},"end":{"line":327,"column":62}},"149":{"start":{"line":336,"column":2},"end":{"line":340,"column":3}},"150":{"start":{"line":337,"column":4},"end":{"line":339,"column":6}},"151":{"start":{"line":338,"column":6},"end":{"line":338,"column":44}},"152":{"start":{"line":342,"column":2},"end":{"line":347,"column":4}},"153":{"start":{"line":343,"column":4},"end":{"line":345,"column":5}},"154":{"start":{"line":344,"column":6},"end":{"line":344,"column":21}},"155":{"start":{"line":346,"column":4},"end":{"line":346,"column":52}},"156":{"start":{"line":363,"column":2},"end":{"line":372,"column":4}},"157":{"start":{"line":364,"column":4},"end":{"line":370,"column":5}},"158":{"start":{"line":365,"column":6},"end":{"line":368,
[...]
0,"271":0,"272":0,"273":0,"276":0,"280":0,"281":0,"287":0,"297":0,"308":0,"314":0,"315":0,"318":0,"319":0,"320":0,"321":0,"322":0,"325":0,"326":0,"327":0,"328":0,"329":0,"332":0,"334":0,"338":0,"345":0,"346":0,"348":0,"352":0,"353":0,"354":0,"356":0,"357":0,"359":0,"363":0,"364":0,"365":0,"367":0,"371":0,"375":0,"376":0,"377":0,"378":0,"380":0,"385":0,"389":0,"393":0,"394":0,"395":0,"397":0,"400":0,"404":0,"407":0,"411":1,"412":0,"420":1,"426":1,"427":0,"435":1,"436":0,"439":1,"440":0,"441":0,"444":1,"445":0,"446":0,"449":1,"450":0,"451":0,"452":0,"457":1,"458":1,"459":1,"460":1,"463":1,"464":1,"465":1,"466":1,"467":1,"469":1}},"/home/travis/build/npmtest/node-npmtest-dustjs-linkedin/node_modules/dustjs-linkedin/Gruntfile.js":{"path":"/home/travis/build/npmtest/node-npmtest-dustjs-linkedin/node_modules/dustjs-linkedin/Gruntfile.js","s":{"1":1,"2":0,"3":0,"4":0,"5":0,"6":0,"7":0,"8":0,"9":0,"10":0,"11":0,"12":0,"13":0,"14":0,"15":0,"16":0,"17":0,"18":0,"19":0,"20":0,"21":0,"22":0,"23":0,"24":0,"25":0,"26":0,"27":0,"28":0,"29":0,"30":0,"31":0,"32":0,"33":0,"34":0,"35":0,"36":0,"37":0,"38":0,"39":0},"b":{"1":[0,0],"2":[0,0]},"f":{"1":0,"2":0,"3":0},"fnMap":{"1":{"name":"(anonymous_1)","line":1,"loc":{"start":{"line":1,"column":17},"end":{"line":1,"column":33}}},"2":{"name":"(anonymous_2)","line":19,"loc":{"start":{"line":19,"column":19},"end":{"line":19,"column":41}}},"3":{"name":"(anonymous_3)","line":258,"loc":{"start":{"line":258,"column":56},"end":{"line":258,"column":67}}}},"statementMap":{"1":{"start":{"line":1,"column":0},"end":{"line":319,"column":2}},"2":{"start":{"line":5,"column":2},"end":{"line":5,"column":48}},"3":{"start":{"line":6,"column":2},"end":{"line":253,"column":5}},"4":{"start":{"line":20,"column":12},"end":{"line":20,"column":111}},"5":{"start":{"line":21,"column":12},"end":{"line":21,"column":116}},"6":{"start":{"line":22,"column":12},"end":{"line":22,"column":52}},"7":{"start":{"line":258,"column":2},"end":{"line":260,"column":5}},"8":{"start":{"line":259,"column":4},"end":{"line":259,"column":44}},"9":{"start":{"line":266,"column":2},"end":{"line":266,"column":45}},"10":{"start":{"line":267,"column":2},"end":{"line":267,"column":45}},"11":{"start":{"line":268,"column":2},"end":{"line":268,"column":46}},"12":{"start":{"line":269,"column":2},"end":{"line":269,"column":45}},"13":{"start":{"line":270,"column":2},"end":{"line":270,"column":44}},"14":{"start":{"line":271,"column":2},"end":{"line":271,"column":46}},"15":{"start":{"line":272,"column":2},"end":{"line":272,"column":44}},"16":{"start":{"line":273,"column":2},"end":{"line":273,"column":43}},"17":{"start":{"line":274,"column":2},"end":{"line":274,"column":35}},"18":{"start":{"line":275,"column":2},"end":{"line":275,"column":38}},"19":{"start":{"line":276,"column":2},"end":{"line":276,"column":34}},"20":{"start":{"line":277,"column":2},"end":{"line":277,"column":45}},"21":{"start":{"line":278,"column":2},"end":{"line":278,"column":45}},"22":{"start":{"line":279,"column":2},"end":{"line":279,"column":40}},"23":{"start":{"line":284,"column":2},"end":{"line":284,"column":66}},"24":{"start":{"line":285,"column":2},"end":{"line":285,"column":85}},"25":{"start":{"line":288,"column":2},"end":{"line":288,"column":114}},"26":{"start":{"line":289,"column":2},"end":{"line":289,"column":71}},"27":{"start":{"line":290,"column":2},"end":{"line":290,"column":70}},"28":{"start":{"line":291,"column":2},"end":{"line":291,"column":65}},"29":{"start":{"line":292,"column":2},"end":{"line":292,"column":134}},"30":{"start":{"line":295,"column":2},"end":{"line":295,"column":146}},"31":{"start":{"line":298,"column":2},"end":{"line":298,"column":115}},"32":{"start":{"line":301,"column":2},"end":{"line":301,"column":110}},"33":{"start":{"line":304,"column":2},"end":{"line":304,"column":116}},"34":{"start":{"line":307,"column":2},"end":{"line":307,"column":86}},"35":{"start":{"line":310,"column":2},"end":{"line":310,"column":85}},"36":{"start":{"line":311,"column":2},"end":{"line":311,"column":84}},"37":{"start":{"line":312,"column":2},"end":{"line":312,"column":106}},"38":{"start":{"line":313,"column":2},"end":{"line":313,"column":106}},"39":{"start":{"line":318,"column":2},"end":{"line":318,"column":49}}},"branchMap":{"1":{"line":295,"type":"cond-expr","locations":[{"start":{"line":295,"column":70},"end":{"line":295,"column":139}},{"start":{"line":295,"column":142},"end":{"line":295,"column":144}}]},"2":{"line":298,"type":"cond-expr","locations":[{"start":{"line":298,"column":70},"end":{"line":298,"column":87}},{"start":{"line":298,"column":90},"end":{"line":298,"column":113}}]}},"code":["module.exports = function(grunt) {","  //--------------------------------------------------","  //------------Project config------------------------","  //--------------------------------------------------","  var pkg = grunt.file.readJSON('package.json');","  grunt.initConfig({","    // Metadata.","    pkg: pkg,","    banner: '/*! <%= pkg.title || pkg.name %> - v<%= pkg.version %>\\n' +","      '<%= pkg.homepage ? \"* \" + pkg.homepage + \"\\\\n\" : \"\" %>' +","      '* Copyright (c) <%= grunt.template.today(\"yyyy\") %> <%= pkg.author.name %>;' +","      ' Released under the <%= pkg.license %> License */\\n',","    // Task configuration.","    peg: {","      parser: {","        src: 'src/dust.pegjs',","        dest: 'lib/parser.js',","        options: {","          wrapper: function(src, parser) {","            var buildMsg = 'Do not edit this file directly. It is automatically generated from src/dust.pegjs';","            var wrapper = grunt.file.read(\"src/umdParserWrapper.js\").replace('@@build', buildMsg).split('@@parser');","            return wrapper[0] + parser + wrapper[1];","          }","        }","      }","    },","    execute: {","      testRhino: {","        src: 'node_modules/.bin/rhino*',","        options: {","          args: ['-f', 'test/rhino.spec.js']","        }","      },","      buildParser: {","        src: 'src/build.js'","      }","    },","    concat: {","      options: {","        banner: '<%= banner %>',","        stripBanners: true","      },","      core: {","        src: ['lib/dust.js', 'src/amd-core.js'],","        dest: 'tmp/dust-core.js'","      },","      full: {","        src: ['lib/dust.js', 'lib/parser.js', 'lib/compiler.js', 'src/amd-full.js'],","        dest: 'tmp/dust-full.js'","      }","    },","    copy: {","      core: {","        src: 'tmp/dust-core.js',","        dest: 'dist/dust-core.js'","      },","      coreMin: {","        src: 'tmp/dust-core.min.js',","        dest: 'dist/dust-core.min.js'","      },","      full: {","        src: 'tmp/dust-full.js',","        dest: 'dist/dust-full.js'","      },","      fullMin: {","        src: 'tmp/dust-full.min.js',","        dest: 'dist/dust-full.min.js'","      },","      license: {","        src: 'LICENSE',","        dest: 'dist/'","      }","    },","    uglify: {","      options: {","        banner: '<%= banner %>',","        mangle: {","          except: ['require', 'define', 'module', 'dust']","        }","      },","      core: {","        src: '<%= concat.core.dest %>',","        dest: 'tmp/dust-core.min.js'","      },","      full: {","        src: '<%= concat.full.dest %>',","        dest: 'tmp/dust-full.min.js'","      }","    },","    clean: {","      build: ['tmp/*'],","      dist: ['dist/*']","    },","    jshint: {","      options: {","        jshintrc: true","      },","      gruntfile: {","        src: 'Gruntfile.js'","      },","      libs: {","        src: ['lib/**/*.js', '!lib/parser.js'] // don't hint the parser which is autogenerated from pegjs","      }","    },","    connect: {","     testServer: {","       options: {","         port: 3000,","         keepalive: false","       }","     }","    },","    'saucelabs-jasmine': {","      all: {","        options: {","          urls: [\"http://localhost:3000/\"],","          build: process.env.TRAVIS_JOB_ID,","          throttled: 3,","          testname: 'core',","          browsers: [","            {browserName: 'chrome'},","            {browserName: 'firefox', platform: 'Windows 10'},","            {browserName: 'safari', version: 7, platform: 'OS X 10.9'},","            {browserName: 'safari', version: 6, platform: 'OS X 10.8'},","            {browserName: 'internet explorer', version: 11, platform: 'Windows 8.1'},","            {browserName: 'internet explorer', version: 10, platform: 'Windows 8'},","            {browserName: 'internet explorer', version: 9, platform: 'Windows 7'},","            {browserName: 'internet explorer', version: 8, platform: 'Windows 7'}","          ],","          sauceConfig: {","            'video-upload-on-pass': false","          }","        }","      }","    },","    jasmine: {","      options: {","        outfile: 'index.html',","        display: 'short',","        specs: ['test/templates/all.js', 'test/helpers/template.helper.js', 'test/templates.spec.js'],","        vendor: ['node_modules/ayepromise/ayepromise.js', 'test/lib/highland.js', 'test/lib/jsreporter.js']","      },","      /*tests production (minified) code*/","      testProd: {","        src: 'tmp/dust-full.min.js'","      },","      /*tests unminified code, mostly used for debugging by `grunt dev` task*/","      testDev : {","        src: 'tmp/dust-full.js'","      },","      /*runs unit tests with jasmine and collects test coverage info via istanbul template","      * tests unminified version of dust to make sure test coverage starts are correctly calculated","      * istanbul jumbles source code in order to record coverage, so this task is not suited for","      * debugging while developing. Use jasmine:testClient instead, which runs on unminified code","      * and can be easily debugged*/","      coverage : {","        src: 'tmp/dust-full.js',","        options: {","          display: 'none',","          template: require('grunt-template-jasmine-istanbul'),","          templateOptions: {","            coverage: 'tmp/coverage/coverage.json',","            report: 'tmp/coverage',","            thresholds: {","              lines: 82,","              statements: 82,","              branches: 70,","              functions: 85","            }","          }","        }","      }","    },","    jasmine_nodejs: {","      options: {","        useHelpers: true,","        reporters: {","          console: {","            colors: false,","            verbosity: 0","          }","        }","      },","      core: {","        specs: ['test/core.spec.js']","      },","      cjs: {","        specs: ['test/commonJS.spec.js']","      },","      dustc: {","        helpers: ['test/cli/matchers.helper.js'],","        specs: ['test/cli/*']","      },","      templates: {","        specs: ['test/templates.spec.js']","      }","    },","    watch: {","      lib: {","        files: ['<%= jshint.libs.src %>'],","        tasks: ['clean:build', 'buildLib']","      },","      gruntfile: {","        files: '<%= jshint.gruntfile.src %>',","        tasks: ['jshint:gruntfile']","      },","      lib_test: {","        files: ['<%= jshint.libs.src %>', '<%= jasmine.options.specs %>'],","        tasks: ['testPhantom']","      }","    },","    bump: {","      options: {","        files: ['package.json', 'bower.json', 'lib/dust.js'],","        updateConfigs: ['pkg'],","        push: false,","        commitFiles: ['-a']","      }","    },","    log: {","      coverage: {","        options: {","          message: 'Open <%=jasmine.coverage.options.templateOptions.report%>/index.html in a browser to view the coverage.'","        }","      },","      copyForRelease: {","        options: {","          message: 'OK. Done copying version <%= pkg.version %> build from tmp to dist'","        }","      },","      release: {","        options: {","          message: ['OK. Done bumping, adding, committing, tagging and pushing the new version',","                    '',","                    'You still need to manually do the following:',","                    '  * git push upstream && git push upstream --tags',","                    '  * npm publish'].join('\\n')","        }","      }","    },","    githubChanges: {","      dist: {","        options: {","          owner: \"linkedin\",","          repository: \"dustjs\",","          tagName: \"v<%= pkg.version %>\",","          onlyPulls: true,","          useCommitBody: true,","          auth: true","        }","      }","    }","  });","","  //--------------------------------------------------","  //------------Custom tasks -------------------------","  //--------------------------------------------------","  grunt.registerMultiTask('log', 'Print some messages', function() {","    grunt.log.ok(this.data.options.message);","  });","","  //--------------------------------------------------","  //------------External tasks -----------------------","  //--------------------------------------------------","  // These plugins provide necessary tasks.","  grunt.loadNpmTasks('grunt-contrib-concat');","  grunt.loadNpmTasks('grunt-contrib-uglify');","  grunt.loadNpmTasks('grunt-contrib-jasmine');","  grunt.loadNpmTasks('grunt-contrib-jshint');","  grunt.loadNpmTasks('grunt-contrib-watch');","  grunt.loadNpmTasks('grunt-contrib-connect');","  grunt.loadNpmTasks('grunt-contrib-clean');","  grunt.loadNpmTasks('grunt-contrib-copy');","  grunt.loadNpmTasks('grunt-bump');","  grunt.loadNpmTasks('grunt-execute');","  grunt.loadNpmTasks('grunt-peg');","  grunt.loadNpmTasks('grunt-jasmine-nodejs');","  grunt.loadNpmTasks('grunt-github-changes');","  grunt.loadNpmTasks('grunt-saucelabs');","","  //--------------------------------------------------","  //------------Grunt task aliases -------------------","  //--------------------------------------------------","  grunt.registerTask('buildLib',       ['jshint:libs', 'concat']);","  grunt.registerTask('build',          ['clean:build', 'peg', 'buildLib', 'uglify']);","","  //test tasks","  grunt.registerTask('testNode',       ['jasmine_nodejs:templates', 'jasmine_nodejs:core', 'jasmine_nodejs:cjs']);","  grunt.registerTask('testRhino',      ['build', 'execute:testRhino']);","  grunt.registerTask('testPhantom',    ['build', 'jasmine:testProd']);","  grunt.registerTask('testCli',        ['jasmine_nodejs:dustc']);","  grunt.registerTask('test',           ['build', 'jasmine:testProd', 'testCli', 'testNode', 'execute:testRhino', 'jasmine:coverage']);","","  //sauce labs integration (browser testing)","  grunt.registerTask('sauce',          process.env.SAUCE_ACCESS_KEY ? ['jasmine:testProd:build', 'connect:testServer', 'saucelabs-jasmine'] : []);","","  //decide whether to run all tests or just the Node tests for Travis CI","  grunt.registerTask('travis',         (process.env.TEST === 'all') ? ['test', 'sauce'] : ['testNode', 'testCli']);","","  //task for debugging in browser","  grunt.registerTask('dev',            ['build', 'jasmine:testDev:build', 'connect:testServer', 'watch:lib']);","","  //task to run unit tests on client against prod version of code","  grunt.registerTask('testClient',     ['build', 'jasmine:testProd:build', 'connect:testServer', 'watch:lib_test']);","","  //coverage report","  grunt.registerTask('coverage',       ['build', 'jasmine:coverage', 'log:coverage']);","","  //release tasks","  grunt.registerTask('copyForRelease', ['clean:dist', 'copy', 'log:copyForRelease']);","  grunt.registerTask('buildRelease',   ['test', 'githubChanges', 'copyForRelease']);","  grunt.registerTask('releasePatch',   ['bump-only:patch', 'buildRelease', 'bump-commit', 'log:release']);","  grunt.registerTask('releaseMinor',   ['bump-only:minor', 'buildRelease', 'bump-commit', 'log:release']);","  // major release should probably be done with care","  //grunt.registerTask('releaseMajor',   ['bump-only:major', 'buildRelease', 'bump-commit:major', 'log:release']);","","  //default task - full test","  grunt.registerTask('default',        ['test']);","};",""],"l":{"1":1,"5":0,"6":0,"20":0,"21":0,"22":0,"258":0,"259":0,"266":0,"267":0,"268":0,"269":0,"270":0,"271":0,"272":0,"273":0,"274":0,"275":0,"276":0,"277":0,"278":0,"279":0,"284":0,"285":0,"288":0,"289":0,"290":0,"291":0,"292":0,"295":0,"298":0,"301":0,"304":0,"307":0,"310":0,"311":0,"312":0,"313":0,"318":0}},"/home/travis/build/npmtest/node-npmtest-dustjs-linkedin/node_modules/dustjs-linkedin/src/amd-core.js":{"path":"/home/travis/build/npmtest/node-npmtest-dustjs-linkedin/node_modules/dustjs-linkedin/src/amd-core.js","s":{"1":1,"2":0,"3":0,"4":0,"5":0,"6":0},"b":{"1":[0,1],"2":[1,0,0]},"f":{"1":0,"2":0,"3":0},"fnMap":{"1":{"name":"(anonymous_1)","line":2,"loc":{"start":{"line":2,"column":37},"end":{"line":2,"column":61}}},"2":{"name":"(anonymous_2)","line":3,"loc":{"start":{"line":3,"column":22},"end":{"line":3,"column":41}}},"3":{"name":"(anonymous_3)","line":4,"loc":{"start":{"line":4,"column":28},"end":{"line":4,"column":39}}}},"statementMap":{"1":{"start":{"line":1,"column":0},"end":{"line":10,"column":1}},"2":{"start":{"line":2,"column":4},"end":{"line":9,"column":7}},"3":{"start":{"line":3,"column":8},"end":{"line":7,"column":10}},"4":{"start":{"line":4,"column":12},"end":{"line":6,"column":15}},"5":{"start":{"line":5,"column":16},"end":{"line":5,"column":21}},"6":{"start":{"line":8,"column":8},"end":{"line":8,"column":20}}},"branchMap":{"1":{"line":1,"type":"if","locations":[{"start":{"line":1,"column":0},"end":{"line":1,"column":0}},{"start":{"line":1,"column":0},"end":{"line":1,"column":0}}]},"2":{"line":1,"type":"binary-expr","locations":[{"start":{"line":1,"column":4},"end":{"line":1,"column":32}},{"start":{"line":1,"column":36},"end":{"line":1,"column":46}},{"start":{"line":1,"column":50},"end":{"line":1,"column":74}}]}},"code":["if (typeof define === \"function\" && define.amd && define.amd.dust === true) {","    define([\"require\", \"dust.core\"], function(require, dust) {","        dust.onLoad = function(name, cb) {","            require([name], function() {","                cb();","            });","        };","        return dust;","    });","}",""],"l":{"1":1,"2":0,"3":0,"4":0,"5":0,"8":0}},"/home/travis/build/npmtest/node-npmtest-dustjs-linkedin/node_modules/dustjs-linkedin/src/amd-full.js":{"path":"/home/travis/build/npmtest/node-npmtest-dustjs-linkedin/node_modules/dustjs-linkedin/src/amd-full.js","s":{"1":1,"2":0,"3":0,"4":0,"5":0,"6":0},"b":{"1":[0,1],"2":[1,0,0]},"f":{"1":0,"2":0,"3":0},"fnMap":{"1":{"name":"(anonymous_1)","line":2,"loc":{"start":{"line":2,"column":53},"end":{"line":2,"column":77}}},"2":{"name":"(anonymous_2)","line":3,"loc":{"start":{"line":3,"column":22},"end":{"line":3,"column":41}}},"3":{"name":"(anonymous_3)","line":4,"loc":{"start":{"line":4,"column":28},"end":{"line":4,"column":39}}}},"statementMap":{"1":{"start":{"line":1,"column":0},"end":{"line":10,"column":1}},"2":{"start":{"line":2,"column":4},"end":{"line":9,"column":7}},"3":{"start":{"line":3,"column":8},"end":{"line":7,"column":10}},"4":{"start":{"line":4,"column":12},"end":{"line":6,"column":15}},"5":{"start":{"line":5,"column":16},"end":{"line":5,"column":21}},"6":{"start":{"line":8,"column":8},"end":{"line":8,"column":20}}},"branchMap":{"1":{"line":1,"type":"if","locations":[{"start":{"line":1,"column":0},"end":{"line":1,"column":0}},{"start":{"line":1,"column":0},"end":{"line":1,"column":0}}]},"2":{"line":1,"type":"binary-expr","locations":[{"start":{"line":1,"column":4},"end":{"line":1,"column":32}},{"start":{"line":1,"column":36},"end":{"line":1,"column":46}},{"start":{"line":1,"column":50},"end":{"line":1,"column":74}}]}},"code":["if (typeof define === \"function\" && define.amd && define.amd.dust === true) {","    define([\"require\", \"dust.core\", \"dust.compile\"], function(require, dust) {","        dust.onLoad = function(name, cb) {","            require([name], function() {","                cb();","            });","        };","        return dust;","    });","}",""],"l":{"1":1,"2":0,"3":0,"4":0,"5":0,"8":0}}}